#
# A fatal error has been detected by the Java Runtime Environment:
#
#  SIGSEGV (0xb) at pc=0x00007fd2d1ddbfae, pid=9239, tid=0x00007fd28a3f9700
#
# JRE version: OpenJDK Runtime Environment (8.0_151-b12) (build 1.8.0_151-8u151-b12-0ubuntu0.16.04.2-b12)
# Java VM: OpenJDK 64-Bit Server VM (25.151-b12 mixed mode linux-amd64 compressed oops)
# Problematic frame:
# J 6535 C1 org.codehaus.groovy.runtime.ArrayUtil.createArray(Ljava/lang/Object;Ljava/lang/Object;Ljava/lang/Object;)[Ljava/lang/Object; (17 bytes) @ 0x00007fd2d1ddbfae [0x00007fd2d1ddbe80+0x12e]
#
# Failed to write core dump. Core dumps have been disabled. To enable core dumping, try "ulimit -c unlimited" before starting Java again
#
# If you would like to submit a bug report, please visit:
#   http://bugreport.java.com/bugreport/crash.jsp
#

---------------  T H R E A D  ---------------

Current thread (0x00007fd2e173e800):  JavaThread "http-nio-8080-exec-5" daemon [_thread_in_Java, id=9277, stack(0x00007fd28a2f9000,0x00007fd28a3fa000)]

siginfo: si_signo: 11 (SIGSEGV), si_code: 1 (SEGV_MAPERR), si_addr: 0x00000004a5a74be8

Registers:
RAX=0x00000000f7a49fa0, RBX=0x0000000100000ea8, RCX=0x0000000000000028, RDX=0x00000004a5a74bc0
RSP=0x00007fd28a3f1680, RBP=0x00007fd28a3f1730, RSI=0x00000000f7a49fb4, RDI=0x00007fd2e476d000
R8 =0x00000000d16c64a0, R9 =0x00007fd294b4ea10, R10=0x00000000d16c64a0, R11=0x0000000000001fa0
R12=0x0000000000000000, R13=0x00007fd28a3f16c8, R14=0x00007fd28a3f1768, R15=0x00007fd2e173e800
RIP=0x00007fd2d1ddbfae, EFLAGS=0x0000000000010216, CSGSFS=0x0000000000000033, ERR=0x0000000000000004
  TRAPNO=0x000000000000000e

Top of Stack: (sp=0x00007fd28a3f1680)
0x00007fd28a3f1680:   00007fd288ef1df8 00007fd28a3f16d0
0x00007fd28a3f1690:   00007fd28a3f1960 00007fd2e173f340
0x00007fd28a3f16a0:   00007fd28a3f1740 00007fd2e74b9e6e
0x00007fd28a3f16b0:   00007fd28a3f1730 00007fd2d1007d80
0x00007fd28a3f16c0:   00007fd2d1007d80 0000000000001fa0
0x00007fd28a3f16d0:   00007fd294b4ea10 00000000d16c64a0
0x00007fd28a3f16e0:   00000000d36c0168 00000000fce699e8
0x00007fd28a3f16f0:   00007fd28a3f16f0 00007fd2cf4d6b37
0x00007fd28a3f1700:   00007fd28a3f1768 00007fd2cf4d8ba8
0x00007fd28a3f1710:   0000000000000000 00007fd2cf4d6b98
0x00007fd28a3f1720:   00007fd28a3f16c8 00007fd28a3f1748
0x00007fd28a3f1730:   00007fd28a3f17b0 00007fd2d1007e54
0x00007fd28a3f1740:   00000000fce699e8 0000000000001fa0
0x00007fd28a3f1750:   00007fd294b4ea10 00000000d16c64a0
0x00007fd28a3f1760:   00000000d36c0168 00000000fce699e8
0x00007fd28a3f1770:   00007fd28a3f1770 00007fd288ef8d07
0x00007fd28a3f1780:   00007fd28a3f17d0 00007fd288f06e38
0x00007fd28a3f1790:   0000000000000000 00007fd288ef8d40
0x00007fd28a3f17a0:   00007fd28a3f1748 00007fd28a3f17c8
0x00007fd28a3f17b0:   00007fd28a3f1818 00007fd2d1007d80
0x00007fd28a3f17c0:   00000000fce68238 0000000000001fa0
0x00007fd28a3f17d0:   00007fd294b4ea10 00007fd28a3f17d8
0x00007fd28a3f17e0:   00007fd2892dc21a 00007fd28a3f1840
0x00007fd28a3f17f0:   00007fd288f04860 0000000000000000
0x00007fd28a3f1800:   00007fd2892dc220 00007fd28a3f17c8
0x00007fd28a3f1810:   00007fd28a3f1828 00007fd28a3f1888
0x00007fd28a3f1820:   00007fd2d1007e54 0000000000001fa0
0x00007fd28a3f1830:   00007fd294b4ea10 0000000000000000
0x00007fd28a3f1840:   00000000fce0c710 00007fd28a3f1848
0x00007fd28a3f1850:   00007fd294b4e9c0 00007fd28a3f18a8
0x00007fd28a3f1860:   00007fd28bfabdd8 0000000000000000
0x00007fd28a3f1870:   00007fd294b4ea10 00007fd28a3f1828 

Instructions: (pc=0x00007fd2d1ddbfae)
0x00007fd2d1ddbf8e:   08 48 c1 e3 03 41 8b 51 08 48 c1 e2 03 48 8b 9b
0x00007fd2d1ddbf9e:   e0 00 00 00 48 3b d3 0f 84 28 00 00 00 8b 4b 0c
0x00007fd2d1ddbfae:   48 3b 1c 0a 0f 84 1b 00 00 00 83 f9 18 0f 85 ac
0x00007fd2d1ddbfbe:   00 00 00 52 53 e8 98 36 32 ff 5a 5b 83 fb 00 0f 

Register to memory mapping:

RAX=0x00000000f7a49fa0 is an oop
[Ljava.lang.Object; 
 - klass: 'java/lang/Object'[]
 - length: 3
RBX=0x0000000100000ea8 is pointing into metadata
RCX=0x0000000000000028 is an unknown value
RDX=0x00000004a5a74bc0 is an unknown value
RSP=0x00007fd28a3f1680 is pointing into the stack for thread: 0x00007fd2e173e800
RBP=0x00007fd28a3f1730 is pointing into the stack for thread: 0x00007fd2e173e800
RSI=0x00000000f7a49fb4 is an unknown value
RDI=0x00007fd2e476d000 is an unknown value
R8 =0x00000000d16c64a0 is an oop
java.lang.Class 
 - klass: 'java/lang/Class'
R9 ={method} {0x00007fd294b4ea10} 'executeQuery' '(Ljava/lang/CharSequence;Ljava/util/Collection;)Ljava/util/List;' in 'linksharing/User'
R10=0x00000000d16c64a0 is an oop
java.lang.Class 
 - klass: 'java/lang/Class'
R11=0x0000000000001fa0 is an unknown value
R12=0x0000000000000000 is an unknown value
R13=0x00007fd28a3f16c8 is pointing into the stack for thread: 0x00007fd2e173e800
R14=0x00007fd28a3f1768 is pointing into the stack for thread: 0x00007fd2e173e800
R15=0x00007fd2e173e800 is a thread


Stack: [0x00007fd28a2f9000,0x00007fd28a3fa000],  sp=0x00007fd28a3f1680,  free space=993k
Native frames: (J=compiled Java code, j=interpreted, Vv=VM code, C=native code)
J 6535 C1 org.codehaus.groovy.runtime.ArrayUtil.createArray(Ljava/lang/Object;Ljava/lang/Object;Ljava/lang/Object;)[Ljava/lang/Object; (17 bytes) @ 0x00007fd2d1ddbfae [0x00007fd2d1ddbe80+0x12e]
j  org.codehaus.groovy.runtime.callsite.AbstractCallSite.call(Ljava/lang/Object;Ljava/lang/Object;Ljava/lang/Object;Ljava/lang/Object;)Ljava/lang/Object;+39
j  linksharing.User$$EQoQw2ym.executeQuery(Ljava/lang/CharSequence;Ljava/util/Collection;)Ljava/util/List;+15
j  linksharing.User$$DQoQw2ym.executeQuery(Llinksharing/User;Ljava/lang/CharSequence;Ljava/util/Collection;)Ljava/util/List;+2
j  linksharing.User.executeQuery(Ljava/lang/CharSequence;Ljava/util/Collection;)Ljava/util/List;+24
v  ~StubRoutines::call_stub
V  [libjvm.so+0x66287b]
V  [libjvm.so+0x938be6]
V  [libjvm.so+0x93a8ff]
V  [libjvm.so+0x6ae419]  JVM_InvokeMethod+0x119
J 2014  sun.reflect.NativeMethodAccessorImpl.invoke0(Ljava/lang/reflect/Method;Ljava/lang/Object;[Ljava/lang/Object;)Ljava/lang/Object; (0 bytes) @ 0x00007fd2d157dded [0x00007fd2d157dd00+0xed]
J 2013 C1 sun.reflect.NativeMethodAccessorImpl.invoke(Ljava/lang/Object;[Ljava/lang/Object;)Ljava/lang/Object; (104 bytes) @ 0x00007fd2d157e494 [0x00007fd2d157e120+0x374]
J 806 C1 sun.reflect.DelegatingMethodAccessorImpl.invoke(Ljava/lang/Object;[Ljava/lang/Object;)Ljava/lang/Object; (10 bytes) @ 0x00007fd2d139c384 [0x00007fd2d139c340+0x44]
J 805 C1 java.lang.reflect.Method.invoke(Ljava/lang/Object;[Ljava/lang/Object;)Ljava/lang/Object; (62 bytes) @ 0x00007fd2d139bf94 [0x00007fd2d139bea0+0xf4]
J 1886 C1 org.springsource.loaded.ri.ReflectiveInterceptor.jlrMethodInvoke(Ljava/lang/reflect/Method;Ljava/lang/Object;[Ljava/lang/Object;)Ljava/lang/Object; (2214 bytes) @ 0x00007fd2d15417cc [0x00007fd2d15401a0+0x162c]
J 3597 C1 org.codehaus.groovy.reflection.CachedMethod.invoke(Ljava/lang/Object;[Ljava/lang/Object;)Ljava/lang/Object; (70 bytes) @ 0x00007fd2d18eaab4 [0x00007fd2d18eaa80+0x34]
J 3123 C1 groovy.lang.MetaMethod.doMethodInvoke(Ljava/lang/Object;[Ljava/lang/Object;)Ljava/lang/Object; (22 bytes) @ 0x00007fd2d17cb8d4 [0x00007fd2d17cb860+0x74]
J 4222 C1 org.codehaus.groovy.runtime.metaclass.MethodMetaProperty$GetBeanMethodMetaProperty.getProperty(Ljava/lang/Object;)Ljava/lang/Object; (12 bytes) @ 0x00007fd2d1a27b8c [0x00007fd2d1a27b40+0x4c]
J 6842 C1 org.codehaus.groovy.runtime.callsite.GetEffectivePogoPropertySite.getProperty(Ljava/lang/Object;)Ljava/lang/Object; (15 bytes) @ 0x00007fd2d1e77284 [0x00007fd2d1e77240+0x44]
J 7358 C1 org.codehaus.groovy.runtime.callsite.GetEffectivePogoPropertySite.callGetProperty(Ljava/lang/Object;)Ljava/lang/Object; (56 bytes) @ 0x00007fd2d1f645fc [0x00007fd2d1f643a0+0x25c]
j  home_vaibhav_Desktop_LinkSharing_grails_app_views_login__recentshares2_gsp$_run_closure1.doCall(Ljava/lang/Object;)Ljava/lang/Object;+27
j  sun.reflect.GeneratedMethodAccessor293.invoke(Ljava/lang/Object;[Ljava/lang/Object;)Ljava/lang/Object;+40
J 806 C1 sun.reflect.DelegatingMethodAccessorImpl.invoke(Ljava/lang/Object;[Ljava/lang/Object;)Ljava/lang/Object; (10 bytes) @ 0x00007fd2d139c384 [0x00007fd2d139c340+0x44]
J 805 C1 java.lang.reflect.Method.invoke(Ljava/lang/Object;[Ljava/lang/Object;)Ljava/lang/Object; (62 bytes) @ 0x00007fd2d139bf94 [0x00007fd2d139bea0+0xf4]
J 1886 C1 org.springsource.loaded.ri.ReflectiveInterceptor.jlrMethodInvoke(Ljava/lang/reflect/Method;Ljava/lang/Object;[Ljava/lang/Object;)Ljava/lang/Object; (2214 bytes) @ 0x00007fd2d154191c [0x00007fd2d15401a0+0x177c]
J 3597 C1 org.codehaus.groovy.reflection.CachedMethod.invoke(Ljava/lang/Object;[Ljava/lang/Object;)Ljava/lang/Object; (70 bytes) @ 0x00007fd2d18eaab4 [0x00007fd2d18eaa80+0x34]
J 3123 C1 groovy.lang.MetaMethod.doMethodInvoke(Ljava/lang/Object;[Ljava/lang/Object;)Ljava/lang/Object; (22 bytes) @ 0x00007fd2d17cb8d4 [0x00007fd2d17cb860+0x74]
J 3578 C1 org.codehaus.groovy.runtime.metaclass.ClosureMetaClass.invokeMethod(Ljava/lang/Class;Ljava/lang/Object;Ljava/lang/String;[Ljava/lang/Object;ZZ)Ljava/lang/Object; (872 bytes) @ 0x00007fd2d18d162c [0x00007fd2d18d0480+0x11ac]
J 1891 C1 groovy.lang.MetaClassImpl.invokeMethod(Ljava/lang/Object;Ljava/lang/String;[Ljava/lang/Object;)Ljava/lang/Object; (14 bytes) @ 0x00007fd2d154e31c [0x00007fd2d154e2c0+0x5c]
J 4205 C1 groovy.lang.Closure.call([Ljava/lang/Object;)Ljava/lang/Object; (30 bytes) @ 0x00007fd2d1a2193c [0x00007fd2d1a218c0+0x7c]
J 5856 C1 groovy.lang.Closure.call(Ljava/lang/Object;)Ljava/lang/Object; (13 bytes) @ 0x00007fd2d1c9c674 [0x00007fd2d1c9c540+0x134]
j  org.grails.gsp.GroovyPage.evaluate(Ljava/lang/String;ILjava/lang/Object;Lgroovy/lang/Closure;)Ljava/lang/Object;+3
j  org.grails.gsp.GroovyPage$evaluate$5.callCurrent(Lgroovy/lang/GroovyObject;Ljava/lang/Object;Ljava/lang/Object;Ljava/lang/Object;Ljava/lang/Object;)Ljava/lang/Object;+33
j  home_vaibhav_Desktop_LinkSharing_grails_app_views_login__recentshares2_gsp.run()Ljava/lang/Object;+108
j  org.grails.gsp.GroovyPageWritable.doWriteTo(Lorg/grails/taglib/encoder/OutputContext;Ljava/io/Writer;)Ljava/io/Writer;+373
j  org.grails.gsp.GroovyPageWritable.writeTo(Ljava/io/Writer;)Ljava/io/Writer;+13
j  org.grails.web.gsp.GroovyPagesTemplateRenderer.makeTemplate(Lorg/grails/web/servlet/mvc/GrailsWebRequest;Lgroovy/text/Template;Ljava/util/Map;Ljava/lang/Object;Ljava/io/Writer;)V+304
j  org.grails.web.gsp.GroovyPagesTemplateRenderer.render(Lorg/grails/web/servlet/mvc/GrailsWebRequest;Lorg/grails/taglib/TemplateVariableBinding;Ljava/util/Map;Ljava/lang/Object;Ljava/io/Writer;)V+162
j  org.grails.plugins.web.taglib.RenderTagLib$_closure7.doCall(Ljava/util/Map;Ljava/lang/Object;)Ljava/lang/Object;+74
v  ~StubRoutines::call_stub
V  [libjvm.so+0x66287b]
V  [libjvm.so+0x938be6]
V  [libjvm.so+0x93a8ff]
V  [libjvm.so+0x6ae419]  JVM_InvokeMethod+0x119
J 2014  sun.reflect.NativeMethodAccessorImpl.invoke0(Ljava/lang/reflect/Method;Ljava/lang/Object;[Ljava/lang/Object;)Ljava/lang/Object; (0 bytes) @ 0x00007fd2d157dded [0x00007fd2d157dd00+0xed]
J 2013 C1 sun.reflect.NativeMethodAccessorImpl.invoke(Ljava/lang/Object;[Ljava/lang/Object;)Ljava/lang/Object; (104 bytes) @ 0x00007fd2d157e494 [0x00007fd2d157e120+0x374]
J 806 C1 sun.reflect.DelegatingMethodAccessorImpl.invoke(Ljava/lang/Object;[Ljava/lang/Object;)Ljava/lang/Object; (10 bytes) @ 0x00007fd2d139c384 [0x00007fd2d139c340+0x44]
J 805 C1 java.lang.reflect.Method.invoke(Ljava/lang/Object;[Ljava/lang/Object;)Ljava/lang/Object; (62 bytes) @ 0x00007fd2d139bf94 [0x00007fd2d139bea0+0xf4]
J 1886 C1 org.springsource.loaded.ri.ReflectiveInterceptor.jlrMethodInvoke(Ljava/lang/reflect/Method;Ljava/lang/Object;[Ljava/lang/Object;)Ljava/lang/Object; (2214 bytes) @ 0x00007fd2d154191c [0x00007fd2d15401a0+0x177c]
J 3597 C1 org.codehaus.groovy.reflection.CachedMethod.invoke(Ljava/lang/Object;[Ljava/lang/Object;)Ljava/lang/Object; (70 bytes) @ 0x00007fd2d18eaab4 [0x00007fd2d18eaa80+0x34]
J 3123 C1 groovy.lang.MetaMethod.doMethodInvoke(Ljava/lang/Object;[Ljava/lang/Object;)Ljava/lang/Object; (22 bytes) @ 0x00007fd2d17cb8d4 [0x00007fd2d17cb860+0x74]
J 3578 C1 org.codehaus.groovy.runtime.metaclass.ClosureMetaClass.invokeMethod(Ljava/lang/Class;Ljava/lang/Object;Ljava/lang/String;[Ljava/lang/Object;ZZ)Ljava/lang/Object; (872 bytes) @ 0x00007fd2d18d162c [0x00007fd2d18d0480+0x11ac]
J 1891 C1 groovy.lang.MetaClassImpl.invokeMethod(Ljava/lang/Object;Ljava/lang/String;[Ljava/lang/Object;)Ljava/lang/Object; (14 bytes) @ 0x00007fd2d154e31c [0x00007fd2d154e2c0+0x5c]
J 4205 C1 groovy.lang.Closure.call([Ljava/lang/Object;)Ljava/lang/Object; (30 bytes) @ 0x00007fd2d1a2193c [0x00007fd2d1a218c0+0x7c]
j  org.grails.gsp.GroovyPage.invokeTagLibClosure(Ljava/lang/String;Ljava/lang/String;Lgroovy/lang/Closure;Ljava/util/Map;Lgroovy/lang/Closure;ZLjava/util/Map;)V+193
j  org.grails.gsp.GroovyPage.invokeTag(Ljava/lang/String;Ljava/lang/String;ILjava/util/Map;I)V+258
j  sun.reflect.GeneratedMethodAccessor261.invoke(Ljava/lang/Object;[Ljava/lang/Object;)Ljava/lang/Object;+220
J 806 C1 sun.reflect.DelegatingMethodAccessorImpl.invoke(Ljava/lang/Object;[Ljava/lang/Object;)Ljava/lang/Object; (10 bytes) @ 0x00007fd2d139c384 [0x00007fd2d139c340+0x44]
J 805 C1 java.lang.reflect.Method.invoke(Ljava/lang/Object;[Ljava/lang/Object;)Ljava/lang/Object; (62 bytes) @ 0x00007fd2d139bf94 [0x00007fd2d139bea0+0xf4]
J 1886 C1 org.springsource.loaded.ri.ReflectiveInterceptor.jlrMethodInvoke(Ljava/lang/reflect/Method;Ljava/lang/Object;[Ljava/lang/Object;)Ljava/lang/Object; (2214 bytes) @ 0x00007fd2d154191c [0x00007fd2d15401a0+0x177c]
J 3597 C1 org.codehaus.groovy.reflection.CachedMethod.invoke(Ljava/lang/Object;[Ljava/lang/Object;)Ljava/lang/Object; (70 bytes) @ 0x00007fd2d18eaab4 [0x00007fd2d18eaa80+0x34]
J 3123 C1 groovy.lang.MetaMethod.doMethodInvoke(Ljava/lang/Object;[Ljava/lang/Object;)Ljava/lang/Object; (22 bytes) @ 0x00007fd2d17cb8d4 [0x00007fd2d17cb860+0x74]
J 3578 C1 org.codehaus.groovy.runtime.metaclass.ClosureMetaClass.invokeMethod(Ljava/lang/Class;Ljava/lang/Object;Ljava/lang/String;[Ljava/lang/Object;ZZ)Ljava/lang/Object; (872 bytes) @ 0x00007fd2d18d15f4 [0x00007fd2d18d0480+0x1174]
J 1891 C1 groovy.lang.MetaClassImpl.invokeMethod(Ljava/lang/Object;Ljava/lang/String;[Ljava/lang/Object;)Ljava/lang/Object; (14 bytes) @ 0x00007fd2d154e31c [0x00007fd2d154e2c0+0x5c]
J 7698 C1 org.codehaus.groovy.runtime.callsite.PogoMetaClassSite.callCurrent(Lgroovy/lang/GroovyObject;[Ljava/lang/Object;)Ljava/lang/Object; (92 bytes) @ 0x00007fd2d202d3cc [0x00007fd2d202d2c0+0x10c]
j  home_vaibhav_Desktop_LinkSharing_grails_app_views_login_home_gsp$_run_closure2.doCall()Ljava/lang/Object;+208
v  ~StubRoutines::call_stub
V  [libjvm.so+0x66287b]
V  [libjvm.so+0x938be6]
V  [libjvm.so+0x93a8ff]
V  [libjvm.so+0x6ae419]  JVM_InvokeMethod+0x119
J 2014  sun.reflect.NativeMethodAccessorImpl.invoke0(Ljava/lang/reflect/Method;Ljava/lang/Object;[Ljava/lang/Object;)Ljava/lang/Object; (0 bytes) @ 0x00007fd2d157dded [0x00007fd2d157dd00+0xed]
J 2013 C1 sun.reflect.NativeMethodAccessorImpl.invoke(Ljava/lang/Object;[Ljava/lang/Object;)Ljava/lang/Object; (104 bytes) @ 0x00007fd2d157e494 [0x00007fd2d157e120+0x374]
J 806 C1 sun.reflect.DelegatingMethodAccessorImpl.invoke(Ljava/lang/Object;[Ljava/lang/Object;)Ljava/lang/Object; (10 bytes) @ 0x00007fd2d139c384 [0x00007fd2d139c340+0x44]
J 805 C1 java.lang.reflect.Method.invoke(Ljava/lang/Object;[Ljava/lang/Object;)Ljava/lang/Object; (62 bytes) @ 0x00007fd2d139bf94 [0x00007fd2d139bea0+0xf4]
J 1886 C1 org.springsource.loaded.ri.ReflectiveInterceptor.jlrMethodInvoke(Ljava/lang/reflect/Method;Ljava/lang/Object;[Ljava/lang/Object;)Ljava/lang/Object; (2214 bytes) @ 0x00007fd2d154191c [0x00007fd2d15401a0+0x177c]
J 3597 C1 org.codehaus.groovy.reflection.CachedMethod.invoke(Ljava/lang/Object;[Ljava/lang/Object;)Ljava/lang/Object; (70 bytes) @ 0x00007fd2d18eaab4 [0x00007fd2d18eaa80+0x34]
J 3123 C1 groovy.lang.MetaMethod.doMethodInvoke(Ljava/lang/Object;[Ljava/lang/Object;)Ljava/lang/Object; (22 bytes) @ 0x00007fd2d17cb8d4 [0x00007fd2d17cb860+0x74]
J 3578 C1 org.codehaus.groovy.runtime.metaclass.ClosureMetaClass.invokeMethod(Ljava/lang/Class;Ljava/lang/Object;Ljava/lang/String;[Ljava/lang/Object;ZZ)Ljava/lang/Object; (872 bytes) @ 0x00007fd2d18d162c [0x00007fd2d18d0480+0x11ac]
J 1891 C1 groovy.lang.MetaClassImpl.invokeMethod(Ljava/lang/Object;Ljava/lang/String;[Ljava/lang/Object;)Ljava/lang/Object; (14 bytes) @ 0x00007fd2d154e31c [0x00007fd2d154e2c0+0x5c]
J 4205 C1 groovy.lang.Closure.call([Ljava/lang/Object;)Ljava/lang/Object; (30 bytes) @ 0x00007fd2d1a2193c [0x00007fd2d1a218c0+0x7c]
j  groovy.lang.Closure.call()Ljava/lang/Object;+6
j  org.grails.taglib.TagBodyClosure.executeClosure(Ljava/lang/Object;)Ljava/lang/Object;+27
j  org.grails.taglib.TagBodyClosure.captureClosureOutput(Ljava/lang/Object;Z)Ljava/lang/Object;+81
j  org.grails.taglib.TagBodyClosure.call()Ljava/lang/Object;+3
j  org.grails.plugins.web.taglib.SitemeshTagLib.captureTagContent(Lorg/grails/buffer/GrailsPrintWriter;Ljava/lang/String;Ljava/util/Map;Ljava/lang/Object;Z)Ljava/lang/Object;+43
j  org.grails.plugins.web.taglib.SitemeshTagLib.captureTagContent(Lorg/grails/buffer/GrailsPrintWriter;Ljava/lang/String;Ljava/util/Map;Ljava/lang/Object;)Ljava/lang/Object;+25
j  org.grails.plugins.web.taglib.SitemeshTagLib$_closure3.doCall(Ljava/util/Map;Ljava/lang/Object;)Ljava/lang/Object;+37
v  ~StubRoutines::call_stub
V  [libjvm.so+0x66287b]
V  [libjvm.so+0x938be6]
V  [libjvm.so+0x93a8ff]
V  [libjvm.so+0x6ae419]  JVM_InvokeMethod+0x119
J 2014  sun.reflect.NativeMethodAccessorImpl.invoke0(Ljava/lang/reflect/Method;Ljava/lang/Object;[Ljava/lang/Object;)Ljava/lang/Object; (0 bytes) @ 0x00007fd2d157dded [0x00007fd2d157dd00+0xed]
J 2013 C1 sun.reflect.NativeMethodAccessorImpl.invoke(Ljava/lang/Object;[Ljava/lang/Object;)Ljava/lang/Object; (104 bytes) @ 0x00007fd2d157e494 [0x00007fd2d157e120+0x374]
J 806 C1 sun.reflect.DelegatingMethodAccessorImpl.invoke(Ljava/lang/Object;[Ljava/lang/Object;)Ljava/lang/Object; (10 bytes) @ 0x00007fd2d139c384 [0x00007fd2d139c340+0x44]
J 805 C1 java.lang.reflect.Method.invoke(Ljava/lang/Object;[Ljava/lang/Object;)Ljava/lang/Object; (62 bytes) @ 0x00007fd2d139bf94 [0x00007fd2d139bea0+0xf4]
J 1886 C1 org.springsource.loaded.ri.ReflectiveInterceptor.jlrMethodInvoke(Ljava/lang/reflect/Method;Ljava/lang/Object;[Ljava/lang/Object;)Ljava/lang/Object; (2214 bytes) @ 0x00007fd2d154191c [0x00007fd2d15401a0+0x177c]
J 3597 C1 org.codehaus.groovy.reflection.CachedMethod.invoke(Ljava/lang/Object;[Ljava/lang/Object;)Ljava/lang/Object; (70 bytes) @ 0x00007fd2d18eaab4 [0x00007fd2d18eaa80+0x34]
J 3123 C1 groovy.lang.MetaMethod.doMethodInvoke(Ljava/lang/Object;[Ljava/lang/Object;)Ljava/lang/Object; (22 bytes) @ 0x00007fd2d17cb8d4 [0x00007fd2d17cb860+0x74]
...<more frames>...


---------------  P R O C E S S  ---------------

Java Threads: ( => current thread )
  0x00007fd2e0015800 JavaThread "DestroyJavaVM" [_thread_blocked, id=9241, stack(0x00007fd2e8ac3000,0x00007fd2e8bc4000)]
  0x00007fd2e1a7a800 JavaThread "Thread-6" daemon [_thread_blocked, id=9289, stack(0x00007fd2896ed000,0x00007fd2897ee000)]
  0x00007fd2e1a79000 JavaThread "Thread-8" [_thread_blocked, id=9288, stack(0x00007fd2897ee000,0x00007fd2898ef000)]
  0x00007fd2e1a6c800 JavaThread "Thread-7" daemon [_thread_in_native, id=9287, stack(0x00007fd2898ef000,0x00007fd2899f0000)]
  0x00007fd2e186d000 JavaThread "http-nio-8080-AsyncTimeout" daemon [_thread_blocked, id=9286, stack(0x00007fd2899f0000,0x00007fd289af1000)]
  0x00007fd2e186b800 JavaThread "http-nio-8080-Acceptor-0" daemon [_thread_in_native, id=9285, stack(0x00007fd289af1000,0x00007fd289bf2000)]
  0x00007fd2e1868800 JavaThread "http-nio-8080-ClientPoller-1" daemon [_thread_in_native, id=9284, stack(0x00007fd289bf2000,0x00007fd289cf3000)]
  0x00007fd2e1867800 JavaThread "http-nio-8080-ClientPoller-0" daemon [_thread_in_native, id=9283, stack(0x00007fd289cf3000,0x00007fd289df4000)]
  0x00007fd2e1865000 JavaThread "http-nio-8080-exec-10" daemon [_thread_blocked, id=9282, stack(0x00007fd289df4000,0x00007fd289ef5000)]
  0x00007fd2e18c4000 JavaThread "http-nio-8080-exec-9" daemon [_thread_blocked, id=9281, stack(0x00007fd289ef5000,0x00007fd289ff6000)]
  0x00007fd2e18c2000 JavaThread "http-nio-8080-exec-8" daemon [_thread_blocked, id=9280, stack(0x00007fd289ff6000,0x00007fd28a0f7000)]
  0x00007fd2e18c0000 JavaThread "http-nio-8080-exec-7" daemon [_thread_blocked, id=9279, stack(0x00007fd28a0f7000,0x00007fd28a1f8000)]
  0x00007fd2e18be800 JavaThread "http-nio-8080-exec-6" daemon [_thread_blocked, id=9278, stack(0x00007fd28a1f8000,0x00007fd28a2f9000)]
=>0x00007fd2e173e800 JavaThread "http-nio-8080-exec-5" daemon [_thread_in_Java, id=9277, stack(0x00007fd28a2f9000,0x00007fd28a3fa000)]
  0x00007fd2e173c800 JavaThread "http-nio-8080-exec-4" daemon [_thread_blocked, id=9276, stack(0x00007fd28a3fa000,0x00007fd28a4fb000)]
  0x00007fd2e173a800 JavaThread "http-nio-8080-exec-3" daemon [_thread_blocked, id=9275, stack(0x00007fd28a4fb000,0x00007fd28a5fc000)]
  0x00007fd2e1738800 JavaThread "http-nio-8080-exec-2" daemon [_thread_blocked, id=9274, stack(0x00007fd28a5fc000,0x00007fd28a6fd000)]
  0x00007fd2e16d4000 JavaThread "http-nio-8080-exec-1" daemon [_thread_blocked, id=9273, stack(0x00007fd28a6fd000,0x00007fd28a7fe000)]
  0x00007fd2e16d2000 JavaThread "NioBlockingSelector.BlockPoller-1" daemon [_thread_in_native, id=9272, stack(0x00007fd28a7fe000,0x00007fd28a8ff000)]
  0x00007fd2e1815000 JavaThread "container-0" [_thread_blocked, id=9271, stack(0x00007fd28aeff000,0x00007fd28b000000)]
  0x00007fd2e180b000 JavaThread "ContainerBackgroundProcessor[StandardEngine[Tomcat]]" daemon [_thread_blocked, id=9270, stack(0x00007fd2940eb000,0x00007fd2941ec000)]
  0x00007fd2e12a0000 JavaThread "Tomcat JDBC Pool Cleaner[414493378:1523010364251]" daemon [_thread_blocked, id=9263, stack(0x00007fd2cc84f000,0x00007fd2cc950000)]
  0x00007fd2e082c800 JavaThread "FileSystemWatcher: files=#63 cl=sun.misc.Launcher$AppClassLoader@18b4aac2" daemon [_thread_blocked, id=9259, stack(0x00007fd2cd572000,0x00007fd2cd673000)]
  0x00007fd2e079d800 JavaThread "Service Thread" daemon [_thread_blocked, id=9257, stack(0x00007fd2cd787000,0x00007fd2cd888000)]
  0x00007fd2e078a800 JavaThread "C1 CompilerThread2" daemon [_thread_blocked, id=9256, stack(0x00007fd2cd888000,0x00007fd2cd989000)]
  0x00007fd2e0788800 JavaThread "C2 CompilerThread1" daemon [_thread_blocked, id=9255, stack(0x00007fd2cd989000,0x00007fd2cda8a000)]
  0x00007fd2e0792800 JavaThread "C2 CompilerThread0" daemon [_thread_blocked, id=9254, stack(0x00007fd2cda8a000,0x00007fd2cdb8b000)]
  0x00007fd2e017d800 JavaThread "Signal Dispatcher" daemon [_thread_blocked, id=9253, stack(0x00007fd2cdf1a000,0x00007fd2ce01b000)]
  0x00007fd2e0156800 JavaThread "Finalizer" daemon [_thread_blocked, id=9252, stack(0x00007fd2ce2f3000,0x00007fd2ce3f4000)]
  0x00007fd2e0152000 JavaThread "Reference Handler" daemon [_thread_blocked, id=9251, stack(0x00007fd2ce3f4000,0x00007fd2ce4f5000)]

Other Threads:
  0x00007fd2e014a800 VMThread [stack: 0x00007fd2ce4f5000,0x00007fd2ce5f6000] [id=9250]
  0x00007fd2e07a0000 WatcherThread [stack: 0x00007fd2cd686000,0x00007fd2cd787000] [id=9258]

VM state:not at safepoint (normal execution)

VM Mutex/Monitor currently owned by a thread: None

Heap:
 PSYoungGen      total 222720K, used 164673K [0x00000000f0000000, 0x0000000100000000, 0x0000000100000000)
  eden space 183296K, 68% used [0x00000000f0000000,0x00000000f7a557b8,0x00000000fb300000)
  from space 39424K, 99% used [0x00000000fb300000,0x00000000fd97aca0,0x00000000fd980000)
  to   space 39424K, 0% used [0x00000000fd980000,0x00000000fd980000,0x0000000100000000)
 ParOldGen       total 524288K, used 93862K [0x00000000d0000000, 0x00000000f0000000, 0x00000000f0000000)
  object space 524288K, 17% used [0x00000000d0000000,0x00000000d5ba9bb0,0x00000000f0000000)
 Metaspace       used 70300K, capacity 73710K, committed 73816K, reserved 1114112K
  class space    used 8703K, capacity 9772K, committed 9816K, reserved 1048576K

Card table byte_map: [0x00007fd2e4ded000,0x00007fd2e4f6e000] byte_map_base: 0x00007fd2e476d000

Marking Bits: (ParMarkBitMap*) 0x00007fd2e7d8c2c0
 Begin Bits: [0x00007fd2cf800000, 0x00007fd2d0400000)
 End Bits:   [0x00007fd2d0400000, 0x00007fd2d1000000)

Polling page: 0x00007fd2e8be0000

CodeCache: size=245760Kb used=19732Kb max_used=19805Kb free=226027Kb
 bounds [0x00007fd2d1000000, 0x00007fd2d2360000, 0x00007fd2e0000000]
 total_blobs=9757 nmethods=8956 adapters=713
 compilation: enabled

Compilation events (10 events):
Event: 490.476 Thread 0x00007fd2e078a800 nmethod 9146 0x00007fd2d1436d90 code [0x00007fd2d1436f20, 0x00007fd2d1437338]
Event: 490.477 Thread 0x00007fd2e078a800 9147       1       com.mysql.jdbc.PreparedStatement::initializeFromParseInfo (145 bytes)
Event: 490.477 Thread 0x00007fd2e078a800 nmethod 9147 0x00007fd2d1f5ca10 code [0x00007fd2d1f5cba0, 0x00007fd2d1f5d128]
Event: 490.478 Thread 0x00007fd2e078a800 9149       1       com.mysql.jdbc.StringUtils::getLong (298 bytes)
Event: 490.479 Thread 0x00007fd2e078a800 nmethod 9149 0x00007fd2d1f8c4d0 code [0x00007fd2d1f8c740, 0x00007fd2d1f8d168]
Event: 490.480 Thread 0x00007fd2e078a800 9153       1       org.hibernate.type.descriptor.sql.BasicExtractor::extract (105 bytes)
Event: 490.481 Thread 0x00007fd2e078a800 nmethod 9153 0x00007fd2d1f5b710 code [0x00007fd2d1f5b940, 0x00007fd2d1f5bfe8]
Event: 490.482 Thread 0x00007fd2e078a800 9150       1       com.mysql.jdbc.ResultSetImpl::checkForLongTruncation (115 bytes)
Event: 490.483 Thread 0x00007fd2e078a800 nmethod 9150 0x00007fd2d1f0b390 code [0x00007fd2d1f0b580, 0x00007fd2d1f0ba38]
Event: 490.484 Thread 0x00007fd2e078a800 9148       1       org.springsource.loaded.ISMgr::<init> (31 bytes)

GC Heap History (10 events):
Event: 30.974 GC heap before
{Heap before GC invocations=26 (full 3):
 PSYoungGen      total 223744K, used 195387K [0x00000000f0000000, 0x0000000100000000, 0x0000000100000000)
  eden space 184832K, 100% used [0x00000000f0000000,0x00000000fb480000,0x00000000fb480000)
  from space 38912K, 27% used [0x00000000fda00000,0x00000000fe44eec0,0x0000000100000000)
  to   space 38400K, 0% used [0x00000000fb480000,0x00000000fb480000,0x00000000fda00000)
 ParOldGen       total 524288K, used 92249K [0x00000000d0000000, 0x00000000f0000000, 0x00000000f0000000)
  object space 524288K, 17% used [0x00000000d0000000,0x00000000d5a16600,0x00000000f0000000)
 Metaspace       used 64624K, capacity 66324K, committed 66520K, reserved 1107968K
  class space    used 7829K, capacity 8314K, committed 8408K, reserved 1048576K
Event: 30.996 GC heap after
Heap after GC invocations=26 (full 3):
 PSYoungGen      total 223232K, used 17414K [0x00000000f0000000, 0x0000000100000000, 0x0000000100000000)
  eden space 184832K, 0% used [0x00000000f0000000,0x00000000f0000000,0x00000000fb480000)
  from space 38400K, 45% used [0x00000000fb480000,0x00000000fc581a30,0x00000000fda00000)
  to   space 36352K, 0% used [0x00000000fdc80000,0x00000000fdc80000,0x0000000100000000)
 ParOldGen       total 524288K, used 92257K [0x00000000d0000000, 0x00000000f0000000, 0x00000000f0000000)
  object space 524288K, 17% used [0x00000000d0000000,0x00000000d5a18600,0x00000000f0000000)
 Metaspace       used 64624K, capacity 66324K, committed 66520K, reserved 1107968K
  class space    used 7829K, capacity 8314K, committed 8408K, reserved 1048576K
}
Event: 31.510 GC heap before
{Heap before GC invocations=27 (full 3):
 PSYoungGen      total 223232K, used 202246K [0x00000000f0000000, 0x0000000100000000, 0x0000000100000000)
  eden space 184832K, 100% used [0x00000000f0000000,0x00000000fb480000,0x00000000fb480000)
  from space 38400K, 45% used [0x00000000fb480000,0x00000000fc581a30,0x00000000fda00000)
  to   space 36352K, 0% used [0x00000000fdc80000,0x00000000fdc80000,0x0000000100000000)
 ParOldGen       total 524288K, used 92257K [0x00000000d0000000, 0x00000000f0000000, 0x00000000f0000000)
  object space 524288K, 17% used [0x00000000d0000000,0x00000000d5a18600,0x00000000f0000000)
 Metaspace       used 65703K, capacity 67646K, committed 67800K, reserved 1107968K
  class space    used 7997K, capacity 8605K, committed 8664K, reserved 1048576K
Event: 31.526 GC heap after
Heap after GC invocations=27 (full 3):
 PSYoungGen      total 226816K, used 19348K [0x00000000f0000000, 0x0000000100000000, 0x0000000100000000)
  eden space 190464K, 0% used [0x00000000f0000000,0x00000000f0000000,0x00000000fba00000)
  from space 36352K, 53% used [0x00000000fdc80000,0x00000000fef65218,0x0000000100000000)
  to   space 35328K, 0% used [0x00000000fba00000,0x00000000fba00000,0x00000000fdc80000)
 ParOldGen       total 524288K, used 92265K [0x00000000d0000000, 0x00000000f0000000, 0x00000000f0000000)
  object space 524288K, 17% used [0x00000000d0000000,0x00000000d5a1a600,0x00000000f0000000)
 Metaspace       used 65703K, capacity 67646K, committed 67800K, reserved 1107968K
  class space    used 7997K, capacity 8605K, committed 8664K, reserved 1048576K
}
Event: 69.239 GC heap before
{Heap before GC invocations=28 (full 3):
 PSYoungGen      total 226816K, used 209812K [0x00000000f0000000, 0x0000000100000000, 0x0000000100000000)
  eden space 190464K, 100% used [0x00000000f0000000,0x00000000fba00000,0x00000000fba00000)
  from space 36352K, 53% used [0x00000000fdc80000,0x00000000fef65218,0x0000000100000000)
  to   space 35328K, 0% used [0x00000000fba00000,0x00000000fba00000,0x00000000fdc80000)
 ParOldGen       total 524288K, used 92265K [0x00000000d0000000, 0x00000000f0000000, 0x00000000f0000000)
  object space 524288K, 17% used [0x00000000d0000000,0x00000000d5a1a600,0x00000000f0000000)
 Metaspace       used 67237K, capacity 69724K, committed 69848K, reserved 1110016K
  class space    used 8300K, capacity 9130K, committed 9176K, reserved 1048576K
Event: 69.260 GC heap after
Heap after GC invocations=28 (full 3):
 PSYoungGen      total 225792K, used 23991K [0x00000000f0000000, 0x0000000100000000, 0x0000000100000000)
  eden space 190464K, 0% used [0x00000000f0000000,0x00000000f0000000,0x00000000fba00000)
  from space 35328K, 67% used [0x00000000fba00000,0x00000000fd16de50,0x00000000fdc80000)
  to   space 35840K, 0% used [0x00000000fdd00000,0x00000000fdd00000,0x0000000100000000)
 ParOldGen       total 524288K, used 92273K [0x00000000d0000000, 0x00000000f0000000, 0x00000000f0000000)
  object space 524288K, 17% used [0x00000000d0000000,0x00000000d5a1c600,0x00000000f0000000)
 Metaspace       used 67237K, capacity 69724K, committed 69848K, reserved 1110016K
  class space    used 8300K, capacity 9130K, committed 9176K, reserved 1048576K
}
Event: 286.540 GC heap before
{Heap before GC invocations=29 (full 3):
 PSYoungGen      total 225792K, used 214455K [0x00000000f0000000, 0x0000000100000000, 0x0000000100000000)
  eden space 190464K, 100% used [0x00000000f0000000,0x00000000fba00000,0x00000000fba00000)
  from space 35328K, 67% used [0x00000000fba00000,0x00000000fd16de50,0x00000000fdc80000)
  to   space 35840K, 0% used [0x00000000fdd00000,0x00000000fdd00000,0x0000000100000000)
 ParOldGen       total 524288K, used 92273K [0x00000000d0000000, 0x00000000f0000000, 0x00000000f0000000)
  object space 524288K, 17% used [0x00000000d0000000,0x00000000d5a1c600,0x00000000f0000000)
 Metaspace       used 69077K, capacity 72022K, committed 72280K, reserved 1112064K
  class space    used 8517K, capacity 9485K, committed 9560K, reserved 1048576K
Event: 286.563 GC heap after
Heap after GC invocations=29 (full 3):
 PSYoungGen      total 219136K, used 31665K [0x00000000f0000000, 0x0000000100000000, 0x0000000100000000)
  eden space 183296K, 0% used [0x00000000f0000000,0x00000000f0000000,0x00000000fb300000)
  from space 35840K, 88% used [0x00000000fdd00000,0x00000000ffbec788,0x0000000100000000)
  to   space 39424K, 0% used [0x00000000fb300000,0x00000000fb300000,0x00000000fd980000)
 ParOldGen       total 524288K, used 92281K [0x00000000d0000000, 0x00000000f0000000, 0x00000000f0000000)
  object space 524288K, 17% used [0x00000000d0000000,0x00000000d5a1e600,0x00000000f0000000)
 Metaspace       used 69077K, capacity 72022K, committed 72280K, reserved 1112064K
  class space    used 8517K, capacity 9485K, committed 9560K, reserved 1048576K
}
Event: 431.024 GC heap before
{Heap before GC invocations=30 (full 3):
 PSYoungGen      total 219136K, used 214961K [0x00000000f0000000, 0x0000000100000000, 0x0000000100000000)
  eden space 183296K, 100% used [0x00000000f0000000,0x00000000fb300000,0x00000000fb300000)
  from space 35840K, 88% used [0x00000000fdd00000,0x00000000ffbec788,0x0000000100000000)
  to   space 39424K, 0% used [0x00000000fb300000,0x00000000fb300000,0x00000000fd980000)
 ParOldGen       total 524288K, used 92281K [0x00000000d0000000, 0x00000000f0000000, 0x00000000f0000000)
  object space 524288K, 17% used [0x00000000d0000000,0x00000000d5a1e600,0x00000000f0000000)
 Metaspace       used 69980K, capacity 73304K, committed 73560K, reserved 1114112K
  class space    used 8667K, capacity 9746K, committed 9816K, reserved 1048576K
Event: 431.054 GC heap after
Heap after GC invocations=30 (full 3):
 PSYoungGen      total 222720K, used 39403K [0x00000000f0000000, 0x0000000100000000, 0x0000000100000000)
  eden space 183296K, 0% used [0x00000000f0000000,0x00000000f0000000,0x00000000fb300000)
  from space 39424K, 99% used [0x00000000fb300000,0x00000000fd97aca0,0x00000000fd980000)
  to   space 39424K, 0% used [0x00000000fd980000,0x00000000fd980000,0x0000000100000000)
 ParOldGen       total 524288K, used 93862K [0x00000000d0000000, 0x00000000f0000000, 0x00000000f0000000)
  object space 524288K, 17% used [0x00000000d0000000,0x00000000d5ba9bb0,0x00000000f0000000)
 Metaspace       used 69980K, capacity 73304K, committed 73560K, reserved 1114112K
  class space    used 8667K, capacity 9746K, committed 9816K, reserved 1048576K
}

Deoptimization events (0 events):
No events

Internal exceptions (10 events):
Event: 490.469 Thread 0x00007fd2e173e800 Exception <a 'java/lang/ClassNotFoundException': grails/web/api/WebAttributes$Trait$FieldHelperCustomizer> (0x00000000f7830708) thrown at [/build/openjdk-8-W2Qe27/openjdk-8-8u151-b12/src/hotspot/src/share/vm/classfile/systemDictionary.cpp, line 210]
Event: 490.469 Thread 0x00007fd2e173e800 Exception <a 'java/lang/ClassNotFoundException': grails/artefact/Controller$Trait$FieldHelperCustomizer> (0x00000000f785b9c0) thrown at [/build/openjdk-8-W2Qe27/openjdk-8-8u151-b12/src/hotspot/src/share/vm/classfile/systemDictionary.cpp, line 210]
Event: 490.469 Thread 0x00007fd2e173e800 Exception <a 'java/lang/ClassNotFoundException': grails/web/api/ServletAttributes$Trait$FieldHelperCustomizer> (0x00000000f7889e50) thrown at [/build/openjdk-8-W2Qe27/openjdk-8-8u151-b12/src/hotspot/src/share/vm/classfile/systemDictionary.cpp, line 210]
Event: 490.470 Thread 0x00007fd2e173e800 Exception <a 'java/lang/ClassNotFoundException': grails/artefact/controller/support/RequestForwarder$Trait$FieldHelperCustomizer> (0x00000000f78c1d98) thrown at [/build/openjdk-8-W2Qe27/openjdk-8-8u151-b12/src/hotspot/src/share/vm/classfile/systemDictiona
Event: 490.470 Thread 0x00007fd2e173e800 Exception <a 'java/lang/ClassNotFoundException': grails/artefact/controller/support/ResponseRedirector$Trait$FieldHelperCustomizer> (0x00000000f78fb130) thrown at [/build/openjdk-8-W2Qe27/openjdk-8-8u151-b12/src/hotspot/src/share/vm/classfile/systemDictio
Event: 490.470 Thread 0x00007fd2e173e800 Exception <a 'java/lang/ArrayIndexOutOfBoundsException'> (0x00000000f78fdcf0) thrown at [/build/openjdk-8-W2Qe27/openjdk-8-8u151-b12/src/hotspot/src/share/vm/runtime/sharedRuntime.cpp, line 605]
Event: 490.470 Thread 0x00007fd2e173e800 Exception <a 'java/lang/ArrayIndexOutOfBoundsException'> (0x00000000f7901150) thrown at [/build/openjdk-8-W2Qe27/openjdk-8-8u151-b12/src/hotspot/src/share/vm/runtime/sharedRuntime.cpp, line 605]
Event: 490.470 Thread 0x00007fd2e173e800 Exception <a 'java/lang/ClassNotFoundException': grails/artefact/controller/support/ResponseRenderer$Trait$FieldHelperCustomizer> (0x00000000f79394d0) thrown at [/build/openjdk-8-W2Qe27/openjdk-8-8u151-b12/src/hotspot/src/share/vm/classfile/systemDictiona
Event: 490.470 Thread 0x00007fd2e173e800 Exception <a 'java/lang/ArrayIndexOutOfBoundsException'> (0x00000000f793cab8) thrown at [/build/openjdk-8-W2Qe27/openjdk-8-8u151-b12/src/hotspot/src/share/vm/runtime/sharedRuntime.cpp, line 605]
Event: 490.470 Thread 0x00007fd2e173e800 Exception <a 'java/lang/ArrayIndexOutOfBoundsException'> (0x00000000f793f4d8) thrown at [/build/openjdk-8-W2Qe27/openjdk-8-8u151-b12/src/hotspot/src/share/vm/runtime/sharedRuntime.cpp, line 605]

Events (10 events):
Event: 490.477 Thread 0x00007fd2e078a800 flushing nmethod 0x00007fd2d1f534d0
Event: 490.477 Thread 0x00007fd2e078a800 flushing nmethod 0x00007fd2d1f54b10
Event: 490.477 Thread 0x00007fd2e078a800 flushing nmethod 0x00007fd2d1f58310
Event: 490.477 Thread 0x00007fd2e078a800 flushing nmethod 0x00007fd2d1f59fd0
Event: 490.477 Thread 0x00007fd2e078a800 flushing nmethod 0x00007fd2d1f5b710
Event: 490.477 Thread 0x00007fd2e078a800 flushing nmethod 0x00007fd2d1f5c8d0
Event: 490.477 Thread 0x00007fd2e078a800 flushing nmethod 0x00007fd2d1f8c390
Event: 490.477 Thread 0x00007fd2e078a800 flushing nmethod 0x00007fd2d1f90590
Event: 490.477 Thread 0x00007fd2e078a800 flushing nmethod 0x00007fd2d1fefe90
Event: 490.477 Thread 0x00007fd2e078a800 flushing nmethod 0x00007fd2d204d990


Dynamic libraries:
00400000-00401000 r-xp 00000000 08:01 6168322                            /usr/lib/jvm/java-8-openjdk-amd64/jre/bin/java
00600000-00601000 r--p 00000000 08:01 6168322                            /usr/lib/jvm/java-8-openjdk-amd64/jre/bin/java
00601000-00602000 rw-p 00001000 08:01 6168322                            /usr/lib/jvm/java-8-openjdk-amd64/jre/bin/java
022fb000-0231c000 rw-p 00000000 00:00 0                                  [heap]
d0000000-100996000 rw-p 00000000 00:00 0 
100996000-140000000 ---p 00000000 00:00 0 
7fd248000000-7fd248177000 rw-p 00000000 00:00 0 
7fd248177000-7fd24c000000 ---p 00000000 00:00 0 
7fd250000000-7fd250021000 rw-p 00000000 00:00 0 
7fd250021000-7fd254000000 ---p 00000000 00:00 0 
7fd254000000-7fd254034000 rw-p 00000000 00:00 0 
7fd254034000-7fd258000000 ---p 00000000 00:00 0 
7fd258000000-7fd258118000 rw-p 00000000 00:00 0 
7fd258118000-7fd25c000000 ---p 00000000 00:00 0 
7fd25c000000-7fd25c021000 rw-p 00000000 00:00 0 
7fd25c021000-7fd260000000 ---p 00000000 00:00 0 
7fd260000000-7fd260021000 rw-p 00000000 00:00 0 
7fd260021000-7fd264000000 ---p 00000000 00:00 0 
7fd264000000-7fd264024000 rw-p 00000000 00:00 0 
7fd264024000-7fd268000000 ---p 00000000 00:00 0 
7fd268000000-7fd26824d000 rw-p 00000000 00:00 0 
7fd26824d000-7fd26c000000 ---p 00000000 00:00 0 
7fd26c000000-7fd26c021000 rw-p 00000000 00:00 0 
7fd26c021000-7fd270000000 ---p 00000000 00:00 0 
7fd270000000-7fd270021000 rw-p 00000000 00:00 0 
7fd270021000-7fd274000000 ---p 00000000 00:00 0 
7fd274000000-7fd274054000 rw-p 00000000 00:00 0 
7fd274054000-7fd278000000 ---p 00000000 00:00 0 
7fd278000000-7fd278021000 rw-p 00000000 00:00 0 
7fd278021000-7fd27c000000 ---p 00000000 00:00 0 
7fd27c000000-7fd27c021000 rw-p 00000000 00:00 0 
7fd27c021000-7fd280000000 ---p 00000000 00:00 0 
7fd280000000-7fd28005a000 rw-p 00000000 00:00 0 
7fd28005a000-7fd284000000 ---p 00000000 00:00 0 
7fd284000000-7fd284021000 rw-p 00000000 00:00 0 
7fd284021000-7fd288000000 ---p 00000000 00:00 0 
7fd288eed000-7fd288f6d000 rw-p 00000000 00:00 0 
7fd288f6d000-7fd2890ed000 ---p 00000000 00:00 0 
7fd2890ed000-7fd2892ed000 rw-p 00000000 00:00 0 
7fd2892ed000-7fd2894ed000 rw-p 00000000 00:00 0 
7fd2894ed000-7fd2896ed000 rw-p 00000000 00:00 0 
7fd2896ed000-7fd2896f0000 ---p 00000000 00:00 0 
7fd2896f0000-7fd2897ee000 rw-p 00000000 00:00 0 
7fd2897ee000-7fd2897f1000 ---p 00000000 00:00 0 
7fd2897f1000-7fd2898ef000 rw-p 00000000 00:00 0 
7fd2898ef000-7fd2898f2000 ---p 00000000 00:00 0 
7fd2898f2000-7fd2899f0000 rw-p 00000000 00:00 0 
7fd2899f0000-7fd2899f3000 ---p 00000000 00:00 0 
7fd2899f3000-7fd289af1000 rw-p 00000000 00:00 0 
7fd289af1000-7fd289af4000 ---p 00000000 00:00 0 
7fd289af4000-7fd289bf2000 rw-p 00000000 00:00 0 
7fd289bf2000-7fd289bf5000 ---p 00000000 00:00 0 
7fd289bf5000-7fd289cf3000 rw-p 00000000 00:00 0 
7fd289cf3000-7fd289cf6000 ---p 00000000 00:00 0 
7fd289cf6000-7fd289df4000 rw-p 00000000 00:00 0 
7fd289df4000-7fd289df7000 ---p 00000000 00:00 0 
7fd289df7000-7fd289ef5000 rw-p 00000000 00:00 0 
7fd289ef5000-7fd289ef8000 ---p 00000000 00:00 0 
7fd289ef8000-7fd289ff6000 rw-p 00000000 00:00 0 
7fd289ff6000-7fd289ff9000 ---p 00000000 00:00 0 
7fd289ff9000-7fd28a0f7000 rw-p 00000000 00:00 0 
7fd28a0f7000-7fd28a0fa000 ---p 00000000 00:00 0 
7fd28a0fa000-7fd28a1f8000 rw-p 00000000 00:00 0 
7fd28a1f8000-7fd28a1fb000 ---p 00000000 00:00 0 
7fd28a1fb000-7fd28a2f9000 rw-p 00000000 00:00 0 
7fd28a2f9000-7fd28a2fc000 ---p 00000000 00:00 0 
7fd28a2fc000-7fd28a3fa000 rw-p 00000000 00:00 0 
7fd28a3fa000-7fd28a3fd000 ---p 00000000 00:00 0 
7fd28a3fd000-7fd28a4fb000 rw-p 00000000 00:00 0 
7fd28a4fb000-7fd28a4fe000 ---p 00000000 00:00 0 
7fd28a4fe000-7fd28a5fc000 rw-p 00000000 00:00 0 
7fd28a5fc000-7fd28a5ff000 ---p 00000000 00:00 0 
7fd28a5ff000-7fd28a6fd000 rw-p 00000000 00:00 0 
7fd28a6fd000-7fd28a700000 ---p 00000000 00:00 0 
7fd28a700000-7fd28a7fe000 rw-p 00000000 00:00 0 
7fd28a7fe000-7fd28a801000 ---p 00000000 00:00 0 
7fd28a801000-7fd28aaff000 rw-p 00000000 00:00 0 
7fd28aaff000-7fd28acff000 rw-p 00000000 00:00 0 
7fd28acff000-7fd28aeff000 rw-p 00000000 00:00 0 
7fd28aeff000-7fd28af02000 ---p 00000000 00:00 0 
7fd28af02000-7fd28b200000 rw-p 00000000 00:00 0 
7fd28b200000-7fd28b400000 rw-p 00000000 00:00 0 
7fd28b400000-7fd28b600000 rw-p 00000000 00:00 0 
7fd28b600000-7fd28b800000 rw-p 00000000 00:00 0 
7fd28b800000-7fd28ba00000 rw-p 00000000 00:00 0 
7fd28ba00000-7fd28bc00000 rw-p 00000000 00:00 0 
7fd28bc00000-7fd28be00000 rw-p 00000000 00:00 0 
7fd28be00000-7fd28c000000 rw-p 00000000 00:00 0 
7fd28c000000-7fd28c191000 rw-p 00000000 00:00 0 
7fd28c191000-7fd290000000 ---p 00000000 00:00 0 
7fd290000000-7fd290056000 rw-p 00000000 00:00 0 
7fd290056000-7fd294000000 ---p 00000000 00:00 0 
7fd2940eb000-7fd2940ee000 ---p 00000000 00:00 0 
7fd2940ee000-7fd2943ec000 rw-p 00000000 00:00 0 
7fd2943ec000-7fd2945ec000 rw-p 00000000 00:00 0 
7fd2945ec000-7fd2947ec000 rw-p 00000000 00:00 0 
7fd2947ec000-7fd2949ec000 rw-p 00000000 00:00 0 
7fd2949ec000-7fd294bec000 rw-p 00000000 00:00 0 
7fd294bec000-7fd294dec000 rw-p 00000000 00:00 0 
7fd294dec000-7fd294dfd000 r-xp 00000000 08:01 6168296                    /usr/lib/jvm/java-8-openjdk-amd64/jre/lib/amd64/libnio.so
7fd294dfd000-7fd294ffd000 ---p 00011000 08:01 6168296                    /usr/lib/jvm/java-8-openjdk-amd64/jre/lib/amd64/libnio.so
7fd294ffd000-7fd294ffe000 r--p 00011000 08:01 6168296                    /usr/lib/jvm/java-8-openjdk-amd64/jre/lib/amd64/libnio.so
7fd294ffe000-7fd294fff000 rw-p 00012000 08:01 6168296                    /usr/lib/jvm/java-8-openjdk-amd64/jre/lib/amd64/libnio.so
7fd294fff000-7fd298000000 rw-p 00000000 00:00 0 
7fd298000000-7fd298021000 rw-p 00000000 00:00 0 
7fd298021000-7fd29c000000 ---p 00000000 00:00 0 
7fd29c000000-7fd29c021000 rw-p 00000000 00:00 0 
7fd29c021000-7fd2a0000000 ---p 00000000 00:00 0 
7fd2a0000000-7fd2a0021000 rw-p 00000000 00:00 0 
7fd2a0021000-7fd2a4000000 ---p 00000000 00:00 0 
7fd2a4000000-7fd2a4cf3000 rw-p 00000000 00:00 0 
7fd2a4cf3000-7fd2a8000000 ---p 00000000 00:00 0 
7fd2a8000000-7fd2a8021000 rw-p 00000000 00:00 0 
7fd2a8021000-7fd2ac000000 ---p 00000000 00:00 0 
7fd2ac000000-7fd2ac04e000 rw-p 00000000 00:00 0 
7fd2ac04e000-7fd2b0000000 ---p 00000000 00:00 0 
7fd2b0000000-7fd2b0021000 rw-p 00000000 00:00 0 
7fd2b0021000-7fd2b4000000 ---p 00000000 00:00 0 
7fd2b4000000-7fd2b4021000 rw-p 00000000 00:00 0 
7fd2b4021000-7fd2b8000000 ---p 00000000 00:00 0 
7fd2b8000000-7fd2b8021000 rw-p 00000000 00:00 0 
7fd2b8021000-7fd2bc000000 ---p 00000000 00:00 0 
7fd2bc000000-7fd2bc042000 rw-p 00000000 00:00 0 
7fd2bc042000-7fd2c0000000 ---p 00000000 00:00 0 
7fd2c0000000-7fd2c002b000 rw-p 00000000 00:00 0 
7fd2c002b000-7fd2c4000000 ---p 00000000 00:00 0 
7fd2c4000000-7fd2c403f000 rw-p 00000000 00:00 0 
7fd2c403f000-7fd2c8000000 ---p 00000000 00:00 0 
7fd2c8000000-7fd2c8021000 rw-p 00000000 00:00 0 
7fd2c8021000-7fd2cc000000 ---p 00000000 00:00 0 
7fd2cc043000-7fd2cc046000 ---p 00000000 00:00 0 
7fd2cc046000-7fd2cc144000 rw-p 00000000 00:00 0 
7fd2cc144000-7fd2cc149000 r--s 002f9000 08:01 6168302                    /usr/lib/jvm/java-8-openjdk-amd64/jre/lib/charsets.jar
7fd2cc149000-7fd2cc14e000 r--s 0009a000 08:01 6168304                    /usr/lib/jvm/java-8-openjdk-amd64/jre/lib/jsse.jar
7fd2cc14e000-7fd2cc34e000 rw-p 00000000 00:00 0 
7fd2cc34e000-7fd2cc54e000 rw-p 00000000 00:00 0 
7fd2cc54e000-7fd2cc551000 ---p 00000000 00:00 0 
7fd2cc551000-7fd2cc84f000 rw-p 00000000 00:00 0 
7fd2cc84f000-7fd2cc852000 ---p 00000000 00:00 0 
7fd2cc852000-7fd2cc950000 rw-p 00000000 00:00 0 
7fd2cc950000-7fd2cc959000 r-xp 00000000 08:01 6168266                    /usr/lib/jvm/java-8-openjdk-amd64/jre/lib/amd64/libmanagement.so
7fd2cc959000-7fd2ccb58000 ---p 00009000 08:01 6168266                    /usr/lib/jvm/java-8-openjdk-amd64/jre/lib/amd64/libmanagement.so
7fd2ccb58000-7fd2ccb59000 r--p 00008000 08:01 6168266                    /usr/lib/jvm/java-8-openjdk-amd64/jre/lib/amd64/libmanagement.so
7fd2ccb59000-7fd2ccb5a000 rw-p 00009000 08:01 6168266                    /usr/lib/jvm/java-8-openjdk-amd64/jre/lib/amd64/libmanagement.so
7fd2ccb5a000-7fd2ccd5a000 rw-p 00000000 00:00 0 
7fd2ccd5a000-7fd2ccf5a000 rw-p 00000000 00:00 0 
7fd2ccf5a000-7fd2cd15a000 rw-p 00000000 00:00 0 
7fd2cd15a000-7fd2cd35a000 rw-p 00000000 00:00 0 
7fd2cd35a000-7fd2cd371000 r-xp 00000000 08:01 6168283                    /usr/lib/jvm/java-8-openjdk-amd64/jre/lib/amd64/libnet.so
7fd2cd371000-7fd2cd570000 ---p 00017000 08:01 6168283                    /usr/lib/jvm/java-8-openjdk-amd64/jre/lib/amd64/libnet.so
7fd2cd570000-7fd2cd571000 r--p 00016000 08:01 6168283                    /usr/lib/jvm/java-8-openjdk-amd64/jre/lib/amd64/libnet.so
7fd2cd571000-7fd2cd572000 rw-p 00017000 08:01 6168283                    /usr/lib/jvm/java-8-openjdk-amd64/jre/lib/amd64/libnet.so
7fd2cd572000-7fd2cd575000 ---p 00000000 00:00 0 
7fd2cd575000-7fd2cd673000 rw-p 00000000 00:00 0 
7fd2cd673000-7fd2cd686000 r--s 00346000 08:01 6168303                    /usr/lib/jvm/java-8-openjdk-amd64/jre/lib/resources.jar
7fd2cd686000-7fd2cd687000 ---p 00000000 00:00 0 
7fd2cd687000-7fd2cd787000 rw-p 00000000 00:00 0 
7fd2cd787000-7fd2cd78a000 ---p 00000000 00:00 0 
7fd2cd78a000-7fd2cd888000 rw-p 00000000 00:00 0 
7fd2cd888000-7fd2cd88b000 ---p 00000000 00:00 0 
7fd2cd88b000-7fd2cd989000 rw-p 00000000 00:00 0 
7fd2cd989000-7fd2cd98c000 ---p 00000000 00:00 0 
7fd2cd98c000-7fd2cda8a000 rw-p 00000000 00:00 0 
7fd2cda8a000-7fd2cda8d000 ---p 00000000 00:00 0 
7fd2cda8d000-7fd2cdb8b000 rw-p 00000000 00:00 0 
7fd2cdb8b000-7fd2cdb92000 r--s 00065000 08:06 12058865                   /home/vaibhav/.gradle/caches/modules-2/files-2.1/org.springframework/springloaded/1.2.8.RELEASE/b60bac05b0451cdc1863bfec617f39aa0dcaaa43/springloaded-1.2.8.RELEASE.jar
7fd2cdb92000-7fd2cdbcb000 r--s 00382000 08:06 11928401                   /home/vaibhav/.gradle/caches/modules-2/files-2.1/com.google.javascript/closure-compiler-unshaded/v20160713/7df7b683e16c93f65361a15356283599ba012c78/closure-compiler-unshaded-v20160713.jar
7fd2cdbcb000-7fd2cdbd8000 r--s 00109000 08:06 11928399                   /home/vaibhav/.gradle/caches/modules-2/files-2.1/org.mozilla/rhino/1.7R4/e982f2136574b9a423186fbaeaaa98dc3e5a5288/rhino-1.7R4.jar
7fd2cdbd8000-7fd2cdbe5000 r--s 00083000 08:06 12058697                   /home/vaibhav/.gradle/caches/modules-2/files-2.1/commons-collections/commons-collections/3.2.2/8ad72fe39fa8c91eaaf12aadb21e0c3661fe26d5/commons-collections-3.2.2.jar
7fd2cdbe5000-7fd2cdbec000 r--s 0003f000 08:06 393508                     /home/vaibhav/.gradle/caches/modules-2/files-2.1/commons-codec/commons-codec/1.10/4b95f4897fa13f2cd904aee711aeafc0c5295cd8/commons-codec-1.10.jar
7fd2cdbec000-7fd2cdbf0000 r--s 0000c000 08:06 12058681                   /home/vaibhav/.gradle/caches/modules-2/files-2.1/javax.validation/validation-api/1.1.0.Final/8613ae82954779d518631e05daa73a6a954817d5/validation-api-1.1.0.Final.jar
7fd2cdbf0000-7fd2cdbf3000 r--s 00029000 08:06 12058653                   /home/vaibhav/.gradle/caches/modules-2/files-2.1/commons-validator/commons-validator/1.5.1/86d05a46e8f064b300657f751b5a98c62807e2a0/commons-validator-1.5.1.jar
7fd2cdbf3000-7fd2cdbf9000 r--s 00027000 08:06 393506                     /home/vaibhav/.gradle/caches/modules-2/files-2.1/opensymphony/sitemesh/2.4/fa84c82cce30a9a632c08dd2277d63993d972cf5/sitemesh-2.4.jar
7fd2cdbf9000-7fd2cdbfb000 r--s 00007000 08:06 3276881                    /home/vaibhav/.gradle/caches/modules-2/files-2.1/org.grails/grails-web-taglib/3.3.1/ca323146797a4ff2bb4f630890f4c400a0860395/grails-web-taglib-3.3.1.jar
7fd2cdbfb000-7fd2cdbfe000 r--s 00015000 08:06 3276891                    /home/vaibhav/.gradle/caches/modules-2/files-2.1/org.grails/grails-taglib/3.3.1/772e8b5f992f6602cab07c7a58ab2924f97eed02/grails-taglib-3.3.1.jar
7fd2cdbfe000-7fd2cdc01000 r--s 0001d000 08:06 3147733                    /home/vaibhav/.gradle/caches/modules-2/files-2.1/org.codehaus.groovy/groovy-json/2.4.14/a93bc3945132f96e43e6caf9b7b10164e5d80938/groovy-json-2.4.14.jar
7fd2cdc01000-7fd2cdc05000 r--s 00042000 08:06 393500                     /home/vaibhav/.gradle/caches/modules-2/files-2.1/com.fasterxml.jackson.core/jackson-core/2.8.10/eb21a035c66ad307e66ec8fce37f5d50fd62d039/jackson-core-2.8.10.jar
7fd2cdc05000-7fd2cdc08000 r--s 0000b000 08:06 393498                     /home/vaibhav/.gradle/caches/modules-2/files-2.1/com.fasterxml.jackson.core/jackson-annotations/2.8.0/45b426f7796b741035581a176744d91090e2e6fb/jackson-annotations-2.8.0.jar
7fd2cdc08000-7fd2cdc09000 r--s 00005000 08:06 3276903                    /home/vaibhav/.gradle/caches/modules-2/files-2.1/org.grails/grails-codecs/3.3.3/d83f50639cd7610bf40d487048bbea4985408e7d/grails-codecs-3.3.3.jar
7fd2cdc09000-7fd2cdc12000 r--s 0002d000 08:06 393496                     /home/vaibhav/.gradle/caches/modules-2/files-2.1/xml-apis/xml-apis/1.4.01/3789d9fada2d3d458c4ba2de349d48780f381ee3/xml-apis-1.4.01.jar
7fd2cdc12000-7fd2cdc14000 r--s 00008000 08:06 11928415                   /home/vaibhav/.gradle/caches/modules-2/files-2.1/javax.el/javax.el-api/2.2.4/1287562cc3f0ff5439ded6f2949e73ce1c0edaab/javax.el-api-2.2.4.jar
7fd2cdc14000-7fd2cdc25000 r--s 000a1000 08:06 12060526                   /home/vaibhav/.gradle/caches/modules-2/files-2.1/org.hibernate/hibernate-validator/5.3.6.Final/4c730be8bf55a8e9a61e79a2f2c079abf48b718/hibernate-validator-5.3.6.Final.jar
7fd2cdc25000-7fd2cdc2d000 r--s 0005f000 08:06 3147739                    /home/vaibhav/.gradle/caches/modules-2/files-2.1/org.grails/grails-datastore-gorm-hibernate-core/6.1.9.RELEASE/2e6cbb775454d058418ad721eb2da8de705ac68e/grails-datastore-gorm-hibernate-core-6.1.9.RELEASE.jar
7fd2cdc2d000-7fd2cdc3f000 r--s 000b8000 08:06 659913                     /home/vaibhav/.gradle/caches/modules-2/files-2.1/org.springframework/spring-web/4.3.14.RELEASE/a0c3bf3ad661db185675bd5af350f35ed11f0903/spring-web-4.3.14.RELEASE.jar
7fd2cdc3f000-7fd2cdc44000 r--s 00026000 08:06 393488                     /home/vaibhav/.gradle/caches/modules-2/files-2.1/org.grails/scaffolding-core/1.1.1/c79e9bd310896f3afbba331170c54fa2ce7f9a5d/scaffolding-core-1.1.1.jar
7fd2cdc44000-7fd2cdc47000 r--s 00013000 08:06 790478                     /home/vaibhav/.gradle/caches/modules-2/files-2.1/org.grails/grails-datastore-gorm-validation/6.1.9.RELEASE/c1685a5eb890339816c3e256bd43367b1149cdef/grails-datastore-gorm-validation-6.1.9.RELEASE.jar
7fd2cdc47000-7fd2cdc49000 r--s 00014000 08:06 393486                     /home/vaibhav/.gradle/caches/modules-2/files-2.1/org.apache.tomcat.embed/tomcat-embed-logging-log4j/8.5.2/53bdd1eebc7393713261d178ac096a742423f940/tomcat-embed-logging-log4j-8.5.2.jar
7fd2cdc49000-7fd2cdc5a000 r--s 000d1000 08:06 3147741                    /home/vaibhav/.gradle/caches/modules-2/files-2.1/org.grails/grails-datastore-gorm/6.1.9.RELEASE/10aa03cbea4784b3b6b49d876796c987732b2ab1/grails-datastore-gorm-6.1.9.RELEASE.jar
7fd2cdc5a000-7fd2cdc5d000 r--s 00012000 08:06 11798123                   /home/vaibhav/.gradle/caches/modules-2/files-2.1/org.codehaus.groovy/groovy-sql/2.4.14/f3a122ef2b28e46fc0247318157d93c792a3a128/groovy-sql-2.4.14.jar
7fd2cdc5d000-7fd2cdc67000 r--s 0005f000 08:06 3147757                    /home/vaibhav/.gradle/caches/modules-2/files-2.1/org.springframework/spring-jdbc/4.3.14.RELEASE/1b1b9045d9ec1e067d99bf158210e9e7cf2ebfd2/spring-jdbc-4.3.14.RELEASE.jar
7fd2cdc67000-7fd2cdc69000 r--s 00006000 08:06 3276885                    /home/vaibhav/.gradle/caches/modules-2/files-2.1/org.grails/grails-plugin-domain-class/3.3.3/bb6912bed62003ae03a12ba9e263e4a01fa6746a/grails-plugin-domain-class-3.3.3.jar
7fd2cdc69000-7fd2cdc6a000 r--s 00004000 08:06 3276867                    /home/vaibhav/.gradle/caches/modules-2/files-2.1/org.grails/grails-plugin-validation/3.3.3/943ccdf7d5c26dab992535cb741c2bd4c8106a31/grails-plugin-validation-3.3.3.jar
7fd2cdc6a000-7fd2cdc6c000 r--s 00009000 08:06 3276865                    /home/vaibhav/.gradle/caches/modules-2/files-2.1/org.grails/grails-plugin-mimetypes/3.3.3/52fb0d4d5a89ebc439d15952f3a6905ad4a8a518/grails-plugin-mimetypes-3.3.3.jar
7fd2cdc6c000-7fd2cdc6e000 r--s 0000b000 08:06 3276875                    /home/vaibhav/.gradle/caches/modules-2/files-2.1/org.grails/grails-web-sitemesh/3.3.1/d639808f26ff1e16e32cb86129fd847961575abe/grails-web-sitemesh-3.3.1.jar
7fd2cdc6e000-7fd2cdc70000 r--s 00011000 08:06 3276879                    /home/vaibhav/.gradle/caches/modules-2/files-2.1/org.grails/grails-web-gsp/3.3.1/5670ed8376f739528fdb21de0514d2cc22c5a276/grails-web-gsp-3.3.1.jar
7fd2cdc70000-7fd2cdc71000 r--s 00005000 08:06 3276873                    /home/vaibhav/.gradle/caches/modules-2/files-2.1/org.grails/grails-web-mvc/3.3.3/4c2ca5e35f103a1744a36e6fd9f8e619b4d5f58b/grails-web-mvc-3.3.3.jar
7fd2cdc71000-7fd2cdc74000 r--s 0002a000 08:06 3276877                    /home/vaibhav/.gradle/caches/modules-2/files-2.1/org.grails/grails-web-url-mappings/3.3.3/126dfff77bffe35e4fcffad85363ee92ccf59c63/grails-web-url-mappings-3.3.3.jar
7fd2cdc74000-7fd2cdc77000 r--s 00014000 08:06 2894489                    /home/vaibhav/.gradle/caches/modules-2/files-2.1/org.grails/grails-web-databinding/3.3.3/65cd6bca20dab539cf8aa1ab138228554f427a29/grails-web-databinding-3.3.3.jar
7fd2cdc77000-7fd2cdc7c000 r--s 00029000 08:06 3276909                    /home/vaibhav/.gradle/caches/modules-2/files-2.1/org.springframework/spring-context-support/4.3.14.RELEASE/c4f5f32bf8665bd05ee6b3b3f31bdb43fcb597ee/spring-context-support-4.3.14.RELEASE.jar
7fd2cdc7c000-7fd2cdc8e000 r--s 000cf000 08:06 3276913                    /home/vaibhav/.gradle/caches/modules-2/files-2.1/org.springframework/spring-webmvc/4.3.14.RELEASE/1571eab8a807005d424ca16fedd54b1f439787b2/spring-webmvc-4.3.14.RELEASE.jar
7fd2cdc8e000-7fd2cdc91000 r--s 00027000 08:06 3276895                    /home/vaibhav/.gradle/caches/modules-2/files-2.1/org.grails/grails-gsp/3.3.1/88115473871aeb898b590958ef2ba8a9cbd7dbb0/grails-gsp-3.3.1.jar
7fd2cdc91000-7fd2cdc95000 r--s 00029000 08:06 3276893                    /home/vaibhav/.gradle/caches/modules-2/files-2.1/org.grails/grails-encoder/3.3.3/f8d5d74d3ac07e0c58a1236a763a8eb206b737fc/grails-encoder-3.3.3.jar
7fd2cdc95000-7fd2cdc98000 r--s 0000f000 08:06 3276905                    /home/vaibhav/.gradle/caches/modules-2/files-2.1/org.grails/grails-databinding/3.3.3/531a198141efc1f5afae269207778e7a1e0a3648/grails-databinding-3.3.3.jar
7fd2cdc98000-7fd2cdc9a000 r--s 00002000 08:06 3276929                    /home/vaibhav/.gradle/caches/modules-2/files-2.1/org.apache.tomcat/tomcat-annotations-api/8.5.27/122c0a4acaba72bf4590e83c9fbcb3475c46edc5/tomcat-annotations-api-8.5.27.jar
7fd2cdc9a000-7fd2cdcac000 r--s 0011e000 08:06 393452                     /home/vaibhav/.gradle/caches/modules-2/files-2.1/com.fasterxml.jackson.core/jackson-databind/2.8.10/f7b83cb2bc4b88d53961e749e1ad32f49ef017b7/jackson-databind-2.8.10.jar
7fd2cdcac000-7fd2cdcad000 r--s 00003000 08:06 11928497                   /home/vaibhav/.gradle/caches/modules-2/files-2.1/javax.transaction/jta/1.1/2ca09f0b36ca7d71b762e14ea2ff09d5eac57558/jta-1.1.jar
7fd2cdcad000-7fd2cdcb3000 r--s 0003d000 08:06 393450                     /home/vaibhav/.gradle/caches/modules-2/files-2.1/org.yaml/snakeyaml/1.17/7a27ea250c5130b2922b86dea63cbb1cc10a660c/snakeyaml-1.17.jar
7fd2cdcb3000-7fd2cdcb6000 r--s 00016000 08:06 525177                     /home/vaibhav/.gradle/caches/modules-2/files-2.1/org.codehaus.groovy/groovy-templates/2.4.14/7d4557541cc09b66b0a531123d2f678c3592040/groovy-templates-2.4.14.jar
7fd2cdcb6000-7fd2cdcba000 r--s 00031000 08:06 12060519                   /home/vaibhav/.gradle/caches/modules-2/files-2.1/org.codehaus.groovy/groovy-xml/2.4.14/965e9ce97385f43219fdf6fd23e0ae452aeab797/groovy-xml-2.4.14.jar
7fd2cdcba000-7fd2cdcbf000 r--s 0003c000 08:06 3276919                    /home/vaibhav/.gradle/caches/modules-2/files-2.1/org.springframework/spring-expression/4.3.14.RELEASE/58477b44debcb49b09e962e3047ee74c2c033e89/spring-expression-4.3.14.RELEASE.jar
7fd2cdcbf000-7fd2cdcc8000 r--s 00054000 08:06 3276915                    /home/vaibhav/.gradle/caches/modules-2/files-2.1/org.springframework/spring-aop/4.3.14.RELEASE/dfe55b0592aead8e3eb0e6a4e98db433b9e09bd7/spring-aop-4.3.14.RELEASE.jar
7fd2cdcc8000-7fd2cdcca000 r--s 0000e000 08:06 9963760                    /home/vaibhav/.m2/repository/commons-logging/commons-logging/1.2/commons-logging-1.2.jar
7fd2cdcca000-7fd2cdcd5000 r--s 0006a000 08:06 393444                     /home/vaibhav/.gradle/caches/modules-2/files-2.1/ch.qos.logback/logback-core/1.1.11/88b8df40340eed549fb07e2613879bf6b006704d/logback-core-1.1.11.jar
7fd2cdcd5000-7fd2cdcd9000 r--s 00049000 08:06 3147749                    /home/vaibhav/.gradle/caches/modules-2/files-2.1/com.bertramlabs.plugins/asset-pipeline-core/2.14.8/4e1c17bbfb623fc66df7e5577a0be11973749cd7/asset-pipeline-core-2.14.8.jar
7fd2cdcd9000-7fd2cdcda000 r--s 0000b000 08:06 3276927                    /home/vaibhav/.gradle/caches/modules-2/files-2.1/org.apache.tomcat/tomcat-juli/8.5.27/583a08f2f59c6abdd86833b572b9a2f55e61a0f2/tomcat-juli-8.5.27.jar
7fd2cdcda000-7fd2cdcdc000 r--s 00007000 08:06 393440                     /home/vaibhav/.gradle/caches/modules-2/files-2.1/javax.el/el-api/2.1.2-b03/1ac087d9d1a632d2ff82fa1e8b6610aca025ff2a/el-api-2.1.2-b03.jar
7fd2cdcdc000-7fd2cdcde000 r--s 0001f000 08:06 3016568                    /home/vaibhav/.gradle/caches/modules-2/files-2.1/org.grails/grails-web-jsp/3.3.1/e45c3adb5f6fc6c7761227457d09114ec41c55fe/grails-web-jsp-3.3.1.jar
7fd2cdcde000-7fd2cdcdf000 r--s 00004000 08:06 2626251                    /home/vaibhav/.gradle/caches/modules-2/files-2.1/org.grails/grails-plugin-codecs/3.3.3/bc890fb1addf1f0e1332a07c613cc4b069368506/grails-plugin-codecs-3.3.3.jar
7fd2cdcdf000-7fd2cdce4000 r--s 00041000 08:06 11928512                   /home/vaibhav/.gradle/caches/modules-2/files-2.1/commons-lang/commons-lang/2.6/ce1edb914c94ebc388f086c6827e8bdeec71ac2/commons-lang-2.6.jar
7fd2cdce4000-7fd2cdce6000 r--s 0000b000 08:06 2755452                    /home/vaibhav/.gradle/caches/modules-2/files-2.1/org.grails/grails-web-gsp-taglib/3.3.1/28e0c0776c9f5c6109b79a89860161db3369fe81/grails-web-gsp-taglib-3.3.1.jar
7fd2cdce6000-7fd2cdce9000 r--s 00010000 08:06 12058701                   /home/vaibhav/.gradle/caches/modules-2/files-2.1/org.hibernate.common/hibernate-commons-annotations/5.0.1.Final/71e1cff3fcb20d3b3af4f3363c3ddb24d33c6879/hibernate-commons-annotations-5.0.1.Final.jar
7fd2cdce9000-7fd2cdcee000 r--s 00048000 08:06 12058673                   /home/vaibhav/.gradle/caches/modules-2/files-2.1/dom4j/dom4j/1.6.1/5d3ccc056b6f056dbf0dddfdf43894b9065a8f94/dom4j-1.6.1.jar
7fd2cdcee000-7fd2cdcf0000 r--s 0000e000 08:06 393438                     /home/vaibhav/.gradle/caches/modules-2/files-2.1/com.fasterxml/classmate/1.3.4/3d5f48f10bbe4eb7bd862f10c0583be2e0053c6/classmate-1.3.4.jar
7fd2cdcf0000-7fd2cdcf3000 r--s 0002b000 08:06 12058669                   /home/vaibhav/.gradle/caches/modules-2/files-2.1/org.jboss/jandex/2.0.3.Final/bfc4d6257dbff7a33a357f0de116be6ff951d849/jandex-2.0.3.Final.jar
7fd2cdcf3000-7fd2cdcf4000 r--s 00003000 08:06 12058667                   /home/vaibhav/.gradle/caches/modules-2/files-2.1/org.apache.geronimo.specs/geronimo-jta_1.1_spec/1.1.1/aabab3165b8ea936b9360abbf448459c0d04a5a4/geronimo-jta_1.1_spec-1.1.1.jar
7fd2cdcf4000-7fd2cdcf9000 r--s 00068000 08:06 12058665                   /home/vaibhav/.gradle/caches/modules-2/files-2.1/antlr/antlr/2.7.7/83cd2cd674a217ade95a4bb83a8a14f351f48bd0/antlr-2.7.7.jar
7fd2cdcf9000-7fd2cdcfc000 r--s 0000e000 08:06 393436                     /home/vaibhav/.gradle/caches/modules-2/files-2.1/org.jboss.logging/jboss-logging/3.3.1.Final/c46217ab74b532568c0ed31dc599db3048bd1b67/jboss-logging-3.3.1.Final.jar
7fd2cdcfc000-7fd2cdd06000 r--s 0006b000 08:06 11798114                   /home/vaibhav/.gradle/caches/modules-2/files-2.1/org.springframework/spring-orm/4.3.14.RELEASE/721bc451d02070954ebee039d419b410c4697fcb/spring-orm-4.3.14.RELEASE.jar
7fd2cdd06000-7fd2cdd0a000 r--s 00039000 08:06 3147737                    /home/vaibhav/.gradle/caches/modules-2/files-2.1/org.grails/grails-datastore-gorm-hibernate5/6.1.9.RELEASE/274a7467d54e74a7420eb667fed35ab034a3328c/grails-datastore-gorm-hibernate5-6.1.9.RELEASE.jar
7fd2cdd0a000-7fd2cdd0d000 r--s 00012000 08:06 2491643                    /home/vaibhav/.gradle/caches/modules-2/files-2.1/org.grails/grails-datastore-gorm-support/6.1.9.RELEASE/fc05459427731c62210c061610346a45ea8dd1df/grails-datastore-gorm-support-6.1.9.RELEASE.jar
7fd2cdd0d000-7fd2cdd0e000 r--s 00002000 08:06 1836559                    /home/vaibhav/.gradle/caches/modules-2/files-2.1/org.grails/grails-datastore-web/6.1.9.RELEASE/3c33ef78b5d5787896ac305bc153354b3ffb5dab/grails-datastore-web-6.1.9.RELEASE.jar
7fd2cdd0e000-7fd2cdd10000 r--s 00003000 08:06 393426                     /home/vaibhav/.gradle/caches/modules-2/files-2.1/org.grails/grails-events-compat/3.3.2/1250482ac83841a19c75b150777a2d2c28592d33/grails-events-compat-3.3.2.jar
7fd2cdd10000-7fd2cdd11000 r--s 00007000 08:06 393424                     /home/vaibhav/.gradle/caches/modules-2/files-2.1/org.grails/grails-events-transform/3.3.2/645c93ccb03ea27a23d6ac25265b01e5a63b9525/grails-events-transform-3.3.2.jar
7fd2cdd11000-7fd2cdd13000 r--s 0000b000 08:06 393422                     /home/vaibhav/.gradle/caches/modules-2/files-2.1/org.grails/grails-events/3.3.2/a4c70fc8c391d8060d715ea68bfe4ff87761fd02/grails-events-3.3.2.jar
7fd2cdd13000-7fd2cdd15000 r--s 0001f000 08:06 3276921                    /home/vaibhav/.gradle/caches/modules-2/files-2.1/org.grails.plugins/fields/2.2.5/cdad4a9faa86560d4ff2c0bda6f2e981bdc2ce2d/fields-2.2.5.jar
7fd2cdd15000-7fd2cdd18000 r--s 0000e000 08:06 12059603                   /home/vaibhav/.gradle/caches/modules-2/files-2.1/org.grails/grails-async/3.3.2/df2d4d6d96161b1105298a951c6fff31dd52e1e9/grails-async-3.3.2.jar
7fd2cdd18000-7fd2cdd22000 r--s 000aa000 08:06 11928495                   /home/vaibhav/.gradle/caches/modules-2/files-2.1/org.javassist/javassist/3.21.0-GA/598244f595db5c5fb713731eddbb1c91a58d959b/javassist-3.21.0-GA.jar
7fd2cdd22000-7fd2cdd25000 r--s 00016000 08:06 3276889                    /home/vaibhav/.gradle/caches/modules-2/files-2.1/org.grails/grails-validation/3.3.3/98f256f887d87862f9950c3b56eed4776f88be43/grails-validation-3.3.3.jar
7fd2cdd25000-7fd2cdd29000 r--s 0001e000 08:06 393416                     /home/vaibhav/.gradle/caches/modules-2/files-2.1/org.grails.plugins/converters/3.3.1/afc1ea5fa7d7d52e83017856fa5a651d38145048/converters-3.3.1.jar
7fd2cdd29000-7fd2cdd2b000 r--s 00005000 08:06 3276883                    /home/vaibhav/.gradle/caches/modules-2/files-2.1/org.grails/grails-plugin-datasource/3.3.3/566393f066d5bce7bfa9f1ea42c78f077648128e/grails-plugin-datasource-3.3.3.jar
7fd2cdd2b000-7fd2cdd2e000 r--s 00019000 08:06 3276863                    /home/vaibhav/.gradle/caches/modules-2/files-2.1/org.grails/grails-plugin-controllers/3.3.3/c022b8c2299058651fe43481497d4387f578e6eb/grails-plugin-controllers-3.3.3.jar
7fd2cdd2e000-7fd2cdd2f000 r--s 00005000 08:06 3276871                    /home/vaibhav/.gradle/caches/modules-2/files-2.1/org.grails/grails-web/3.3.3/bbbc6668ecf17c0818329b266db8d0738eaee98/grails-web-3.3.3.jar
7fd2cdd2f000-7fd2cdd33000 r--s 00028000 08:06 3276887                    /home/vaibhav/.gradle/caches/modules-2/files-2.1/org.grails/grails-web-common/3.3.3/546aa0110478ac7c25ae3c5f982920b7a921157f/grails-web-common-3.3.3.jar
7fd2cdd33000-7fd2cdd38000 r--s 0003a000 08:06 3276917                    /home/vaibhav/.gradle/caches/modules-2/files-2.1/org.apache.tomcat.embed/tomcat-embed-websocket/8.5.27/3cba1c5187a17b0233de5712024d6e144036ba9a/tomcat-embed-websocket-8.5.27.jar
7fd2cdd38000-7fd2cdd3c000 r--s 00037000 08:06 3276923                    /home/vaibhav/.gradle/caches/modules-2/files-2.1/org.apache.tomcat.embed/tomcat-embed-el/8.5.27/5a591bcf5c930d2b37bb40c0f95180604a3b1a57/tomcat-embed-el-8.5.27.jar
7fd2cdd3c000-7fd2cdd65000 r--s 002ce000 08:06 3276925                    /home/vaibhav/.gradle/caches/modules-2/files-2.1/org.apache.tomcat.embed/tomcat-embed-core/8.5.27/a10612f0af27c7bfcc4e8d88393adad1fc5b4ece/tomcat-embed-core-8.5.27.jar
7fd2cdd65000-7fd2cdd75000 r--s 00079000 08:06 3276931                    /home/vaibhav/.gradle/caches/modules-2/files-2.1/org.springframework.boot/spring-boot-actuator/1.5.10.RELEASE/6cd22e2348aec18a19bedf86b5fb6d932d3f8c18/spring-boot-actuator-1.5.10.RELEASE.jar
7fd2cdd75000-7fd2cdd76000 r--s 00000000 08:06 3276855                    /home/vaibhav/.gradle/caches/modules-2/files-2.1/org.springframework.boot/spring-boot-starter/1.5.10.RELEASE/d935ac98f84c1d97d7ccd702d21abdc236fa7aa0/spring-boot-starter-1.5.10.RELEASE.jar
7fd2cdd76000-7fd2cdd7a000 r--s 00040000 08:06 393396                     /home/vaibhav/.gradle/caches/modules-2/files-2.1/xalan/serializer/2.7.2/24247f3bb052ee068971393bdb83e04512bb1c3c/serializer-2.7.2.jar
7fd2cdd7a000-7fd2cdd88000 r--s 00081000 08:06 3147743                    /home/vaibhav/.gradle/caches/modules-2/files-2.1/org.grails/grails-datastore-core/6.1.9.RELEASE/9e23bf7bd0bdbcb1f3077cef552f4b86dfa7a015/grails-datastore-core-6.1.9.RELEASE.jar
7fd2cdd88000-7fd2cdd89000 r--s 00009000 08:06 3276907                    /home/vaibhav/.gradle/caches/modules-2/files-2.1/org.grails/grails-spring/3.3.3/be1fe22d63540139a61088c8776140222ba60349/grails-spring-3.3.3.jar
7fd2cdd89000-7fd2cdd8d000 r--s 0003a000 08:06 3147745                    /home/vaibhav/.gradle/caches/modules-2/files-2.1/org.grails/grails-bootstrap/3.3.3/b5fcf73abb6ca0e16889eabf67532989e46a3df8/grails-bootstrap-3.3.3.jar
7fd2cdd8d000-7fd2cdda6000 r--s 000fe000 08:06 3147755                    /home/vaibhav/.gradle/caches/modules-2/files-2.1/org.springframework/spring-context/4.3.14.RELEASE/e50a712960926c30e537ef4a633f5d9dd5a8b155/spring-context-4.3.14.RELEASE.jar
7fd2cdda6000-7fd2cddb4000 r--s 000ad000 08:06 3147761                    /home/vaibhav/.gradle/caches/modules-2/files-2.1/org.springframework/spring-beans/4.3.14.RELEASE/7bcd17a68dd64e9447d7bff2c42ba7417678596e/spring-beans-4.3.14.RELEASE.jar
7fd2cddb4000-7fd2cddbc000 r--s 0003a000 08:06 3147759                    /home/vaibhav/.gradle/caches/modules-2/files-2.1/org.springframework/spring-tx/4.3.14.RELEASE/1c9449fcb805837db3c706eab4c729f89688a267/spring-tx-4.3.14.RELEASE.jar
7fd2cddbc000-7fd2cddd2000 r--s 000fe000 08:06 3147763                    /home/vaibhav/.gradle/caches/modules-2/files-2.1/org.springframework/spring-core/4.3.14.RELEASE/c70ddb6204457a802d1f6882d65bca3e5b3c41df/spring-core-4.3.14.RELEASE.jar
7fd2cddd2000-7fd2cddd6000 r--s 00019000 08:06 11928487                   /home/vaibhav/.gradle/caches/modules-2/files-2.1/com.googlecode.concurrentlinkedhashmap/concurrentlinkedhashmap-lru/1.4.2/2eaf3d3c9746d526ff7e5b93931d482c3887e6ac/concurrentlinkedhashmap-lru-1.4.2.jar
7fd2cddd6000-7fd2cdddb000 r--s 00017000 08:06 11928493                   /home/vaibhav/.gradle/caches/modules-2/files-2.1/org.hibernate.javax.persistence/hibernate-jpa-2.1-api/1.0.0.Final/5e731d961297e5a07290bfaf3db1fbc8bbbf405a/hibernate-jpa-2.1-api-1.0.0.Final.jar
7fd2cdddb000-7fd2cdddd000 r--s 00009000 08:06 393386                     /home/vaibhav/.gradle/caches/modules-2/files-2.1/org.slf4j/slf4j-api/1.7.25/da76ca59f6a57ee3102f8f9bd9cee742973efa8a/slf4j-api-1.7.25.jar
7fd2cdddd000-7fd2cde2a000 r--s 0042b000 08:06 3147751                    /home/vaibhav/.gradle/caches/modules-2/files-2.1/org.codehaus.groovy/groovy/2.4.14/9023f1b5d771f272f45cfad3b9865482cff33582/groovy-2.4.14.jar
7fd2cde2a000-7fd2cde3a000 r--s 00095000 08:06 3276911                    /home/vaibhav/.gradle/caches/modules-2/files-2.1/org.springframework.boot/spring-boot/1.5.10.RELEASE/594b3efa04829f62754a19f59f81ba204636167a/spring-boot-1.5.10.RELEASE.jar
7fd2cde3a000-7fd2cde3c000 r--s 00004000 08:06 393382                     /home/vaibhav/.gradle/caches/modules-2/files-2.1/org.slf4j/log4j-over-slf4j/1.7.25/a87bb47468f47ee7aabbd54f93e133d4215769c3/log4j-over-slf4j-1.7.25.jar
7fd2cde3c000-7fd2cde3e000 r--s 00000000 08:06 393380                     /home/vaibhav/.gradle/caches/modules-2/files-2.1/org.slf4j/jul-to-slf4j/1.7.25/af5364cd6679bfffb114f0dec8a157aaa283b76/jul-to-slf4j-1.7.25.jar
7fd2cde3e000-7fd2cde40000 r--s 00003000 08:06 393378                     /home/vaibhav/.gradle/caches/modules-2/files-2.1/org.slf4j/jcl-over-slf4j/1.7.25/f8c32b13ff142a513eeb5b6330b1588dcb2c0461/jcl-over-slf4j-1.7.25.jar
7fd2cde40000-7fd2cde47000 r--s 00045000 08:06 393376                     /home/vaibhav/.gradle/caches/modules-2/files-2.1/ch.qos.logback/logback-classic/1.1.11/ccedfbacef4a6515d2983e3f89ed753d5d4fb665/logback-classic-1.1.11.jar
7fd2cde47000-7fd2cde49000 r--s 0001e000 08:06 3276899                    /home/vaibhav/.gradle/caches/modules-2/files-2.1/com.bertramlabs.plugins/asset-pipeline-grails/2.14.8/b7a8bc6c1a6d7c499cd1a001d6d886365062b9e7/asset-pipeline-grails-2.14.8.jar
7fd2cde49000-7fd2cde4c000 r--s 00021000 08:06 3276901                    /home/vaibhav/.gradle/caches/modules-2/files-2.1/org.apache.tomcat/tomcat-jdbc/8.5.27/f37dfae9e9afb6b2742e04a401e32264c5fec0ec/tomcat-jdbc-8.5.27.jar
7fd2cde4c000-7fd2cde5b000 r--s 001ae000 08:06 393372                     /home/vaibhav/.gradle/caches/modules-2/files-2.1/com.h2database/h2/1.4.196/dd0034398d593aa3588c6773faac429bbd9aea0e/h2-1.4.196.jar
7fd2cde5b000-7fd2cde5e000 r--s 00018000 08:06 393370                     /home/vaibhav/.gradle/caches/modules-2/files-2.1/org.glassfish.web/el-impl/2.1.2-b03/6bab1211b6e6b191fdbf06067bd05d2f75a62ac0/el-impl-2.1.2-b03.jar
7fd2cde5e000-7fd2cde63000 r--s 0004b000 08:06 3276869                    /home/vaibhav/.gradle/caches/modules-2/files-2.1/org.grails.plugins/gsp/3.3.1/7b40598abe73d8535b2dd4503467d5c0c415b7b5/gsp-3.3.1.jar
7fd2cde63000-7fd2cdecf000 r--s 0050a000 08:06 393366                     /home/vaibhav/.gradle/caches/modules-2/files-2.1/org.hibernate/hibernate-core/5.1.5.Final/28366d161d448e82370e5bbd871eb2835ba0fb7b/hibernate-core-5.1.5.Final.jar
7fd2cdecf000-7fd2cded0000 r--s 00006000 08:06 1311665                    /home/vaibhav/.gradle/caches/modules-2/files-2.1/org.grails.plugins/hibernate5/6.1.9/3ad17a7ecdc78dd76624439ded9fb92c675dbc38/hibernate5-6.1.9.jar
7fd2cded0000-7fd2cded1000 r--s 00001000 08:06 393362                     /home/vaibhav/.gradle/caches/modules-2/files-2.1/org.grails.plugins/events/3.3.2/c43aed0886464bc62b8ef2c4963ea1bedeb19e6/events-3.3.2.jar
7fd2cded1000-7fd2cded3000 r--s 00006000 08:06 393360                     /home/vaibhav/.gradle/caches/modules-2/files-2.1/org.grails.plugins/scaffolding/3.4.1/3794a2154aa473fd2281e1e36de398815a63e740/scaffolding-3.4.1.jar
7fd2cded3000-7fd2cded6000 r--s 0000c000 08:06 393358                     /home/vaibhav/.gradle/caches/modules-2/files-2.1/org.grails.plugins/async/3.3.2/849be6dcabfba176078915404451c4b4479c6d49/async-3.3.2.jar
7fd2cded6000-7fd2cded8000 r--s 00011000 08:06 393356                     /home/vaibhav/.gradle/caches/modules-2/files-2.1/org.grails.plugins/cache/4.0.0/72be24e2f8b3e5407048f5cc5186dcd32e8de841/cache-4.0.0.jar
7fd2cded8000-7fd2cded9000 r--s 00008000 08:06 3276857                    /home/vaibhav/.gradle/caches/modules-2/files-2.1/org.grails/grails-plugin-interceptors/3.3.3/86758d53f5906d3c9cfdbf5efa47df53d87c91f5/grails-plugin-interceptors-3.3.3.jar
7fd2cded9000-7fd2cdedb000 r--s 00004000 08:06 3276859                    /home/vaibhav/.gradle/caches/modules-2/files-2.1/org.grails/grails-plugin-url-mappings/3.3.3/91261bc2af03818c8c16e35ed562718978a2ffe/grails-plugin-url-mappings-3.3.3.jar
7fd2cdedb000-7fd2cdedd000 r--s 00003000 08:06 2099919                    /home/vaibhav/.gradle/caches/modules-2/files-2.1/org.grails/grails-plugin-services/3.3.3/7a89d16ee95245ee4c6cc712fc3115da3e50926f/grails-plugin-services-3.3.3.jar
7fd2cdedd000-7fd2cdede000 r--s 00003000 08:06 3276861                    /home/vaibhav/.gradle/caches/modules-2/files-2.1/org.grails/grails-plugin-i18n/3.3.3/54d7e01a5cdf23791e90a8cec4eb559e1d7dff90/grails-plugin-i18n-3.3.3.jar
7fd2cdede000-7fd2cdedf000 r--s 00004000 08:06 1446239                    /home/vaibhav/.gradle/caches/modules-2/files-2.1/org.grails/grails-plugin-databinding/3.3.3/ed575ddeb1584ff3e48aeeb4dacac27268ad373c/grails-plugin-databinding-3.3.3.jar
7fd2cdedf000-7fd2cdee3000 r--s 00031000 08:06 2491651                    /home/vaibhav/.gradle/caches/modules-2/files-2.1/org.grails/grails-plugin-rest/3.3.3/abd7438963de31ad39c21dec46e94f903b08a2cc/grails-plugin-rest-3.3.3.jar
7fd2cdee3000-7fd2cdee4000 r--s 00000000 08:06 1311676                    /home/vaibhav/.gradle/caches/modules-2/files-2.1/org.grails/grails-logging/3.3.3/3ef362b591c2a0ab5088687a9ea03c8a4451d598/grails-logging-3.3.3.jar
7fd2cdee4000-7fd2cdee5000 r--s 00001000 08:06 2229577                    /home/vaibhav/.gradle/caches/modules-2/files-2.1/org.grails/grails-web-boot/3.3.3/250a1fbfda2120ceff882feb23fe4935c28b6661/grails-web-boot-3.3.3.jar
7fd2cdee5000-7fd2cdef3000 r--s 000b0000 08:06 11929286                   /home/vaibhav/.gradle/caches/modules-2/files-2.1/org.grails/grails-core/3.3.3/d4c4009f80b7ace2c4166958cde76a3b832ed744/grails-core-3.3.3.jar
7fd2cdef3000-7fd2cdf13000 r--s 000e6000 08:06 2361085                    /home/vaibhav/.gradle/caches/modules-2/files-2.1/org.springframework.boot/spring-boot-autoconfigure/1.5.10.RELEASE/be96efab0d35181f18c486b0ec8d6a41a7042fce/spring-boot-autoconfigure-1.5.10.RELEASE.jar
7fd2cdf13000-7fd2cdf1a000 r--s 000b5000 08:06 1576222                    /home/vaibhav/.gradle/caches/modules-2/files-2.1/mysql/mysql-connector-java/5.1.13/631249c6055be15a1fab26b3c28a3e5c6f3d97e0/mysql-connector-java-5.1.13.jar
7fd2cdf1a000-7fd2cdf1d000 ---p 00000000 00:00 0 
7fd2cdf1d000-7fd2ce01b000 rw-p 00000000 00:00 0 
7fd2ce01b000-7fd2ce2f3000 r--p 00000000 08:01 3019520                    /usr/lib/locale/locale-archive
7fd2ce2f3000-7fd2ce2f6000 ---p 00000000 00:00 0 
7fd2ce2f6000-7fd2ce3f4000 rw-p 00000000 00:00 0 
7fd2ce3f4000-7fd2ce3f7000 ---p 00000000 00:00 0 
7fd2ce3f7000-7fd2ce4f5000 rw-p 00000000 00:00 0 
7fd2ce4f5000-7fd2ce4f6000 ---p 00000000 00:00 0 
7fd2ce4f6000-7fd2d1000000 rw-p 00000000 00:00 0 
7fd2d1000000-7fd2d2360000 rwxp 00000000 00:00 0 
7fd2d2360000-7fd2e0000000 ---p 00000000 00:00 0 
7fd2e0000000-7fd2e1a90000 rw-p 00000000 00:00 0 
7fd2e1a90000-7fd2e4000000 ---p 00000000 00:00 0 
7fd2e4000000-7fd2e4001000 r--s 00000000 08:06 3276897                    /home/vaibhav/.gradle/caches/modules-2/files-2.1/org.springframework.boot/spring-boot-starter-tomcat/1.5.10.RELEASE/11e474e265f1c68fc435dddbac42ab3574b5e4b6/spring-boot-starter-tomcat-1.5.10.RELEASE.jar
7fd2e4001000-7fd2e4002000 r--s 00000000 08:06 1967793                    /home/vaibhav/.gradle/caches/modules-2/files-2.1/org.springframework.boot/spring-boot-starter-actuator/1.5.10.RELEASE/64cfc9842b6b608b132ff258934db9045733f678/spring-boot-starter-actuator-1.5.10.RELEASE.jar
7fd2e4002000-7fd2e4003000 r--s 00000000 08:06 1576688                    /home/vaibhav/.gradle/caches/modules-2/files-2.1/org.springframework.boot/spring-boot-starter-logging/1.5.10.RELEASE/62c73688208b3173645d6701fc3eb95ca657e6c8/spring-boot-starter-logging-1.5.10.RELEASE.jar
7fd2e4003000-7fd2e4007000 r--s 00037000 08:01 6168250                    /usr/lib/jvm/java-8-openjdk-amd64/jre/lib/ext/sunpkcs11.jar
7fd2e4007000-7fd2e4022000 r--s 001d6000 08:01 6168246                    /usr/lib/jvm/java-8-openjdk-amd64/jre/lib/ext/nashorn.jar
7fd2e4022000-7fd2e402c000 r--s 00116000 08:01 6168249                    /usr/lib/jvm/java-8-openjdk-amd64/jre/lib/ext/localedata.jar
7fd2e402c000-7fd2e4047000 r--s 00394000 08:01 6168244                    /usr/lib/jvm/java-8-openjdk-amd64/jre/lib/ext/cldrdata.jar
7fd2e4047000-7fd2e459a000 rw-p 00000000 00:00 0 
7fd2e459a000-7fd2e4769000 r--s 03c21000 08:01 6168239                    /usr/lib/jvm/java-8-openjdk-amd64/jre/lib/rt.jar
7fd2e4769000-7fd2e48e9000 rw-p 00000000 00:00 0 
7fd2e48e9000-7fd2e48ea000 ---p 00000000 00:00 0 
7fd2e48ea000-7fd2e49ea000 rw-p 00000000 00:00 0 
7fd2e49ea000-7fd2e49eb000 ---p 00000000 00:00 0 
7fd2e49eb000-7fd2e4aeb000 rw-p 00000000 00:00 0 
7fd2e4aeb000-7fd2e4aec000 ---p 00000000 00:00 0 
7fd2e4aec000-7fd2e4bec000 rw-p 00000000 00:00 0 
7fd2e4bec000-7fd2e4bed000 ---p 00000000 00:00 0 
7fd2e4bed000-7fd2e4fbc000 rw-p 00000000 00:00 0 
7fd2e4fbc000-7fd2e532e000 ---p 00000000 00:00 0 
7fd2e532e000-7fd2e5336000 r-xp 00000000 08:01 6168290                    /usr/lib/jvm/java-8-openjdk-amd64/jre/lib/amd64/libzip.so
7fd2e5336000-7fd2e5535000 ---p 00008000 08:01 6168290                    /usr/lib/jvm/java-8-openjdk-amd64/jre/lib/amd64/libzip.so
7fd2e5535000-7fd2e5536000 r--p 00007000 08:01 6168290                    /usr/lib/jvm/java-8-openjdk-amd64/jre/lib/amd64/libzip.so
7fd2e5536000-7fd2e5537000 rw-p 00008000 08:01 6168290                    /usr/lib/jvm/java-8-openjdk-amd64/jre/lib/amd64/libzip.so
7fd2e5537000-7fd2e5542000 r-xp 00000000 08:01 2621536                    /lib/x86_64-linux-gnu/libnss_files-2.23.so
7fd2e5542000-7fd2e5741000 ---p 0000b000 08:01 2621536                    /lib/x86_64-linux-gnu/libnss_files-2.23.so
7fd2e5741000-7fd2e5742000 r--p 0000a000 08:01 2621536                    /lib/x86_64-linux-gnu/libnss_files-2.23.so
7fd2e5742000-7fd2e5743000 rw-p 0000b000 08:01 2621536                    /lib/x86_64-linux-gnu/libnss_files-2.23.so
7fd2e5743000-7fd2e5749000 rw-p 00000000 00:00 0 
7fd2e5749000-7fd2e5754000 r-xp 00000000 08:01 2626021                    /lib/x86_64-linux-gnu/libnss_nis-2.23.so
7fd2e5754000-7fd2e5953000 ---p 0000b000 08:01 2626021                    /lib/x86_64-linux-gnu/libnss_nis-2.23.so
7fd2e5953000-7fd2e5954000 r--p 0000a000 08:01 2626021                    /lib/x86_64-linux-gnu/libnss_nis-2.23.so
7fd2e5954000-7fd2e5955000 rw-p 0000b000 08:01 2626021                    /lib/x86_64-linux-gnu/libnss_nis-2.23.so
7fd2e5955000-7fd2e596b000 r-xp 00000000 08:01 2621454                    /lib/x86_64-linux-gnu/libnsl-2.23.so
7fd2e596b000-7fd2e5b6a000 ---p 00016000 08:01 2621454                    /lib/x86_64-linux-gnu/libnsl-2.23.so
7fd2e5b6a000-7fd2e5b6b000 r--p 00015000 08:01 2621454                    /lib/x86_64-linux-gnu/libnsl-2.23.so
7fd2e5b6b000-7fd2e5b6c000 rw-p 00016000 08:01 2621454                    /lib/x86_64-linux-gnu/libnsl-2.23.so
7fd2e5b6c000-7fd2e5b6e000 rw-p 00000000 00:00 0 
7fd2e5b6e000-7fd2e5b76000 r-xp 00000000 08:01 2621531                    /lib/x86_64-linux-gnu/libnss_compat-2.23.so
7fd2e5b76000-7fd2e5d75000 ---p 00008000 08:01 2621531                    /lib/x86_64-linux-gnu/libnss_compat-2.23.so
7fd2e5d75000-7fd2e5d76000 r--p 00007000 08:01 2621531                    /lib/x86_64-linux-gnu/libnss_compat-2.23.so
7fd2e5d76000-7fd2e5d77000 rw-p 00008000 08:01 2621531                    /lib/x86_64-linux-gnu/libnss_compat-2.23.so
7fd2e5d77000-7fd2e5d81000 r-xp 00000000 08:01 6168278                    /usr/lib/jvm/java-8-openjdk-amd64/jre/lib/amd64/libinstrument.so
7fd2e5d81000-7fd2e5f80000 ---p 0000a000 08:01 6168278                    /usr/lib/jvm/java-8-openjdk-amd64/jre/lib/amd64/libinstrument.so
7fd2e5f80000-7fd2e5f81000 r--p 00009000 08:01 6168278                    /usr/lib/jvm/java-8-openjdk-amd64/jre/lib/amd64/libinstrument.so
7fd2e5f81000-7fd2e5f82000 rw-p 0000a000 08:01 6168278                    /usr/lib/jvm/java-8-openjdk-amd64/jre/lib/amd64/libinstrument.so
7fd2e5f82000-7fd2e5faf000 r-xp 00000000 08:01 6168271                    /usr/lib/jvm/java-8-openjdk-amd64/jre/lib/amd64/libjava.so
7fd2e5faf000-7fd2e61ae000 ---p 0002d000 08:01 6168271                    /usr/lib/jvm/java-8-openjdk-amd64/jre/lib/amd64/libjava.so
7fd2e61ae000-7fd2e61af000 r--p 0002c000 08:01 6168271                    /usr/lib/jvm/java-8-openjdk-amd64/jre/lib/amd64/libjava.so
7fd2e61af000-7fd2e61b1000 rw-p 0002d000 08:01 6168271                    /usr/lib/jvm/java-8-openjdk-amd64/jre/lib/amd64/libjava.so
7fd2e61b1000-7fd2e61c0000 r-xp 00000000 08:01 6168288                    /usr/lib/jvm/java-8-openjdk-amd64/jre/lib/amd64/libverify.so
7fd2e61c0000-7fd2e63bf000 ---p 0000f000 08:01 6168288                    /usr/lib/jvm/java-8-openjdk-amd64/jre/lib/amd64/libverify.so
7fd2e63bf000-7fd2e63c1000 r--p 0000e000 08:01 6168288                    /usr/lib/jvm/java-8-openjdk-amd64/jre/lib/amd64/libverify.so
7fd2e63c1000-7fd2e63c2000 rw-p 00010000 08:01 6168288                    /usr/lib/jvm/java-8-openjdk-amd64/jre/lib/amd64/libverify.so
7fd2e63c2000-7fd2e63c9000 r-xp 00000000 08:01 2626022                    /lib/x86_64-linux-gnu/librt-2.23.so
7fd2e63c9000-7fd2e65c8000 ---p 00007000 08:01 2626022                    /lib/x86_64-linux-gnu/librt-2.23.so
7fd2e65c8000-7fd2e65c9000 r--p 00006000 08:01 2626022                    /lib/x86_64-linux-gnu/librt-2.23.so
7fd2e65c9000-7fd2e65ca000 rw-p 00007000 08:01 2626022                    /lib/x86_64-linux-gnu/librt-2.23.so
7fd2e65ca000-7fd2e65e0000 r-xp 00000000 08:01 2626042                    /lib/x86_64-linux-gnu/libgcc_s.so.1
7fd2e65e0000-7fd2e67df000 ---p 00016000 08:01 2626042                    /lib/x86_64-linux-gnu/libgcc_s.so.1
7fd2e67df000-7fd2e67e0000 rw-p 00015000 08:01 2626042                    /lib/x86_64-linux-gnu/libgcc_s.so.1
7fd2e67e0000-7fd2e68e8000 r-xp 00000000 08:01 2621445                    /lib/x86_64-linux-gnu/libm-2.23.so
7fd2e68e8000-7fd2e6ae7000 ---p 00108000 08:01 2621445                    /lib/x86_64-linux-gnu/libm-2.23.so
7fd2e6ae7000-7fd2e6ae8000 r--p 00107000 08:01 2621445                    /lib/x86_64-linux-gnu/libm-2.23.so
7fd2e6ae8000-7fd2e6ae9000 rw-p 00108000 08:01 2621445                    /lib/x86_64-linux-gnu/libm-2.23.so
7fd2e6ae9000-7fd2e6c5b000 r-xp 00000000 08:01 3015047                    /usr/lib/x86_64-linux-gnu/libstdc++.so.6.0.21
7fd2e6c5b000-7fd2e6e5b000 ---p 00172000 08:01 3015047                    /usr/lib/x86_64-linux-gnu/libstdc++.so.6.0.21
7fd2e6e5b000-7fd2e6e65000 r--p 00172000 08:01 3015047                    /usr/lib/x86_64-linux-gnu/libstdc++.so.6.0.21
7fd2e6e65000-7fd2e6e67000 rw-p 0017c000 08:01 3015047                    /usr/lib/x86_64-linux-gnu/libstdc++.so.6.0.21
7fd2e6e67000-7fd2e6e6b000 rw-p 00000000 00:00 0 
7fd2e6e6b000-7fd2e7abd000 r-xp 00000000 08:01 6168282                    /usr/lib/jvm/java-8-openjdk-amd64/jre/lib/amd64/server/libjvm.so
7fd2e7abd000-7fd2e7cbd000 ---p 00c52000 08:01 6168282                    /usr/lib/jvm/java-8-openjdk-amd64/jre/lib/amd64/server/libjvm.so
7fd2e7cbd000-7fd2e7d50000 r--p 00c52000 08:01 6168282                    /usr/lib/jvm/java-8-openjdk-amd64/jre/lib/amd64/server/libjvm.so
7fd2e7d50000-7fd2e7d79000 rw-p 00ce5000 08:01 6168282                    /usr/lib/jvm/java-8-openjdk-amd64/jre/lib/amd64/server/libjvm.so
7fd2e7d79000-7fd2e7da9000 rw-p 00000000 00:00 0 
7fd2e7da9000-7fd2e7dc1000 r-xp 00000000 08:01 2621465                    /lib/x86_64-linux-gnu/libpthread-2.23.so
7fd2e7dc1000-7fd2e7fc0000 ---p 00018000 08:01 2621465                    /lib/x86_64-linux-gnu/libpthread-2.23.so
7fd2e7fc0000-7fd2e7fc1000 r--p 00017000 08:01 2621465                    /lib/x86_64-linux-gnu/libpthread-2.23.so
7fd2e7fc1000-7fd2e7fc2000 rw-p 00018000 08:01 2621465                    /lib/x86_64-linux-gnu/libpthread-2.23.so
7fd2e7fc2000-7fd2e7fc6000 rw-p 00000000 00:00 0 
7fd2e7fc6000-7fd2e7fc9000 r-xp 00000000 08:01 2621525                    /lib/x86_64-linux-gnu/libdl-2.23.so
7fd2e7fc9000-7fd2e81c8000 ---p 00003000 08:01 2621525                    /lib/x86_64-linux-gnu/libdl-2.23.so
7fd2e81c8000-7fd2e81c9000 r--p 00002000 08:01 2621525                    /lib/x86_64-linux-gnu/libdl-2.23.so
7fd2e81c9000-7fd2e81ca000 rw-p 00003000 08:01 2621525                    /lib/x86_64-linux-gnu/libdl-2.23.so
7fd2e81ca000-7fd2e81e3000 r-xp 00000000 08:01 2625932                    /lib/x86_64-linux-gnu/libz.so.1.2.8
7fd2e81e3000-7fd2e83e2000 ---p 00019000 08:01 2625932                    /lib/x86_64-linux-gnu/libz.so.1.2.8
7fd2e83e2000-7fd2e83e3000 r--p 00018000 08:01 2625932                    /lib/x86_64-linux-gnu/libz.so.1.2.8
7fd2e83e3000-7fd2e83e4000 rw-p 00019000 08:01 2625932                    /lib/x86_64-linux-gnu/libz.so.1.2.8
7fd2e83e4000-7fd2e85a4000 r-xp 00000000 08:01 2621523                    /lib/x86_64-linux-gnu/libc-2.23.so
7fd2e85a4000-7fd2e87a4000 ---p 001c0000 08:01 2621523                    /lib/x86_64-linux-gnu/libc-2.23.so
7fd2e87a4000-7fd2e87a8000 r--p 001c0000 08:01 2621523                    /lib/x86_64-linux-gnu/libc-2.23.so
7fd2e87a8000-7fd2e87aa000 rw-p 001c4000 08:01 2621523                    /lib/x86_64-linux-gnu/libc-2.23.so
7fd2e87aa000-7fd2e87ae000 rw-p 00000000 00:00 0 
7fd2e87ae000-7fd2e87bb000 r-xp 00000000 08:01 6168286                    /usr/lib/jvm/java-8-openjdk-amd64/jre/lib/amd64/jli/libjli.so
7fd2e87bb000-7fd2e89bb000 ---p 0000d000 08:01 6168286                    /usr/lib/jvm/java-8-openjdk-amd64/jre/lib/amd64/jli/libjli.so
7fd2e89bb000-7fd2e89bc000 r--p 0000d000 08:01 6168286                    /usr/lib/jvm/java-8-openjdk-amd64/jre/lib/amd64/jli/libjli.so
7fd2e89bc000-7fd2e89bd000 rw-p 0000e000 08:01 6168286                    /usr/lib/jvm/java-8-openjdk-amd64/jre/lib/amd64/jli/libjli.so
7fd2e89bd000-7fd2e89e3000 r-xp 00000000 08:01 2621457                    /lib/x86_64-linux-gnu/ld-2.23.so
7fd2e89e3000-7fd2e89e4000 r--s 00010000 08:01 6168245                    /usr/lib/jvm/java-8-openjdk-amd64/jre/lib/ext/zipfs.jar
7fd2e89e4000-7fd2e89e5000 r--s 0000a000 08:01 6168251                    /usr/lib/jvm/java-8-openjdk-amd64/jre/lib/ext/jaccess.jar
7fd2e89e5000-7fd2e89e8000 r--s 0000f000 08:01 6168243                    /usr/lib/jvm/java-8-openjdk-amd64/jre/lib/ext/icedtea-sound.jar
7fd2e89e8000-7fd2e89ee000 r--s 0003a000 08:01 6168247                    /usr/lib/jvm/java-8-openjdk-amd64/jre/lib/ext/sunjce_provider.jar
7fd2e89ee000-7fd2e89f0000 r--s 00001000 08:01 6168252                    /usr/lib/jvm/java-8-openjdk-amd64/jre/lib/ext/dnsns.jar
7fd2e89f0000-7fd2e89f2000 r--s 00008000 08:01 6168248                    /usr/lib/jvm/java-8-openjdk-amd64/jre/lib/ext/sunec.jar
7fd2e89f2000-7fd2e8ac3000 rw-p 00000000 00:00 0 
7fd2e8ac3000-7fd2e8ac6000 ---p 00000000 00:00 0 
7fd2e8ac6000-7fd2e8bd7000 rw-p 00000000 00:00 0 
7fd2e8bd7000-7fd2e8bdf000 rw-s 00000000 08:01 393276                     /tmp/hsperfdata_vaibhav/9239
7fd2e8bdf000-7fd2e8be0000 rw-p 00000000 00:00 0 
7fd2e8be0000-7fd2e8be1000 r--p 00000000 00:00 0 
7fd2e8be1000-7fd2e8be2000 rw-p 00000000 00:00 0 
7fd2e8be2000-7fd2e8be3000 r--p 00025000 08:01 2621457                    /lib/x86_64-linux-gnu/ld-2.23.so
7fd2e8be3000-7fd2e8be4000 rw-p 00026000 08:01 2621457                    /lib/x86_64-linux-gnu/ld-2.23.so
7fd2e8be4000-7fd2e8be5000 rw-p 00000000 00:00 0 
7ffef8ca5000-7ffef8ccb000 rw-p 00000000 00:00 0                          [stack]
7ffef8d46000-7ffef8d49000 r--p 00000000 00:00 0                          [vvar]
7ffef8d49000-7ffef8d4b000 r-xp 00000000 00:00 0                          [vdso]
ffffffffff600000-ffffffffff601000 r-xp 00000000 00:00 0                  [vsyscall]

VM Arguments:
jvm_args: -Dendpoints.shutdown.enabled=true -Denv=development -Dfull.stacktrace=false -Dgrails.env=development -Dgrails.full.stacktrace=false -Dinfo.app.grailsVersion=3.3.3 -Dinfo.app.name=LinkSharing -Dinfo.app.version=0.1 -Djdk.reflect.allowGetCallerClass=true -Drun.active=true -Dspring.output.ansi.enabled=always -Dspring.profiles.active -Dspringloaded=inclusions=grails.plugins..*;synchronize=true;allowSplitPackages=true;cacheDir=/home/vaibhav/Desktop/LinkSharing/build/springloaded -Dverbose=false -XX:+TieredCompilation -XX:TieredStopAtLevel=1 -XX:CICompilerCount=3 -javaagent:/home/vaibhav/.gradle/caches/modules-2/files-2.1/org.springframework/springloaded/1.2.8.RELEASE/b60bac05b0451cdc1863bfec617f39aa0dcaaa43/springloaded-1.2.8.RELEASE.jar -Xverify:none -Xms768m -Xmx768m -Dfile.encoding=UTF-8 -Duser.country=IN -Duser.language=en -Duser.variant 
java_command: linksharing.Application
java_class_path (initial): /home/vaibhav/Desktop/LinkSharing/src/main/resources:/home/vaibhav/Desktop/LinkSharing/grails-app/views:/home/vaibhav/Desktop/LinkSharing/grails-app/i18n:/home/vaibhav/Desktop/LinkSharing/grails-app/conf:/home/vaibhav/Desktop/LinkSharing/build/classes/main:/home/vaibhav/Desktop/LinkSharing/build/resources/main:/home/vaibhav/Desktop/LinkSharing/gsp-classes:/home/vaibhav/.gradle/caches/modules-2/files-2.1/mysql/mysql-connector-java/5.1.13/631249c6055be15a1fab26b3c28a3e5c6f3d97e0/mysql-connector-java-5.1.13.jar:/home/vaibhav/.gradle/caches/modules-2/files-2.1/org.springframework.boot/spring-boot-starter-logging/1.5.10.RELEASE/62c73688208b3173645d6701fc3eb95ca657e6c8/spring-boot-starter-logging-1.5.10.RELEASE.jar:/home/vaibhav/.gradle/caches/modules-2/files-2.1/org.springframework.boot/spring-boot-autoconfigure/1.5.10.RELEASE/be96efab0d35181f18c486b0ec8d6a41a7042fce/spring-boot-autoconfigure-1.5.10.RELEASE.jar:/home/vaibhav/.gradle/caches/modules-2/files-2.1/org.grails/grails-core/3.3.3/d4c4009f80b7ace2c4166958cde76a3b832ed744/grails-core-3.3.3.jar:/home/vaibhav/.gradle/caches/modules-2/files-2.1/org.springframework.boot/spring-boot-starter-actuator/1.5.10.RELEASE/64cfc9842b6b608b132ff258934db9045733f678/spring-boot-starter-actuator-1.5.10.RELEASE.jar:/home/vaibhav/.gradle/caches/modules-2/files-2.1/org.springframework.boot/spring-boot-starter-tomcat/1.5.10.RELEASE/11e474e265f1c68fc435dddbac42ab3574b5e4b6/spring-boot-starter-tomcat-1.5.10.RELEASE.jar:/home/vaibhav/.gradle/caches/modules-2/files-2.1/org.grails/grails-web-boot/3.3.3/250a1fbfda2120ceff882feb23fe4935c28b6661/grails-web-boot-3.3.3.jar:/home/vaibhav/.gradle/caches/modules-2/files-2.1/org.grails/grails-logging/3.3.3/3ef362b591c2a0ab5088687a9ea03c8a4451d598/grails-logging-3.3.3.jar:/home/vaibhav/.gradle/caches/modules-2/files-2.1/org.grails/grails-plugin-rest/3.3.3/abd7438963de31ad39c21dec46e94f903b08a2cc/grails-plugin-rest-3.3.3.jar:/home/vaibhav/.gradle/caches/modules-2/files-2.1/
Launcher Type: SUN_STANDARD

Environment Variables:
PATH=/home/vaibhav/bin:/home/vaibhav/.local/bin:/usr/local/sbin:/usr/local/bin:/usr/sbin:/usr/bin:/sbin:/bin:/usr/games:/usr/local/games:/snap/bin:/usr/share/groovy/bin
SHELL=/bin/bash
DISPLAY=:0

Signal Handlers:
SIGSEGV: [libjvm.so+0xa69040], sa_mask[0]=11111111011111111101111111111110, sa_flags=SA_RESTART|SA_SIGINFO
SIGBUS: [libjvm.so+0xa69040], sa_mask[0]=11111111011111111101111111111110, sa_flags=SA_RESTART|SA_SIGINFO
SIGFPE: [libjvm.so+0x8b2170], sa_mask[0]=11111111011111111101111111111110, sa_flags=SA_RESTART|SA_SIGINFO
SIGPIPE: [libjvm.so+0x8b2170], sa_mask[0]=11111111011111111101111111111110, sa_flags=SA_RESTART|SA_SIGINFO
SIGXFSZ: [libjvm.so+0x8b2170], sa_mask[0]=11111111011111111101111111111110, sa_flags=SA_RESTART|SA_SIGINFO
SIGILL: [libjvm.so+0x8b2170], sa_mask[0]=11111111011111111101111111111110, sa_flags=SA_RESTART|SA_SIGINFO
SIGUSR1: SIG_DFL, sa_mask[0]=00000000000000000000000000000000, sa_flags=none
SIGUSR2: [libjvm.so+0x8b2020], sa_mask[0]=00100000000000000000000000000000, sa_flags=SA_RESTART|SA_SIGINFO
SIGHUP: [libjvm.so+0x8b24f0], sa_mask[0]=11111111011111111101111111111110, sa_flags=SA_RESTART|SA_SIGINFO
SIGINT: [libjvm.so+0x8b24f0], sa_mask[0]=11111111011111111101111111111110, sa_flags=SA_RESTART|SA_SIGINFO
SIGTERM: [libjvm.so+0x8b24f0], sa_mask[0]=11111111011111111101111111111110, sa_flags=SA_RESTART|SA_SIGINFO
SIGQUIT: [libjvm.so+0x8b24f0], sa_mask[0]=11111111011111111101111111111110, sa_flags=SA_RESTART|SA_SIGINFO


---------------  S Y S T E M  ---------------

OS:DISTRIB_ID=Ubuntu
DISTRIB_RELEASE=16.04
DISTRIB_CODENAME=xenial
DISTRIB_DESCRIPTION="Ubuntu 16.04.4 LTS"

uname:Linux 4.4.0-116-generic #140-Ubuntu SMP Mon Feb 12 21:23:04 UTC 2018 x86_64
libc:glibc 2.23 NPTL 2.23 
rlimit: STACK 8192k, CORE 0k, NPROC 31455, NOFILE 1048576, AS infinity
load average:0.29 0.57 0.59

/proc/meminfo:
MemTotal:        8093344 kB
MemFree:          135300 kB
MemAvailable:    1597776 kB
Buffers:          177124 kB
Cached:          1800636 kB
SwapCached:           72 kB
Active:          5733712 kB
Inactive:        1951192 kB
Active(anon):    4911024 kB
Inactive(anon):  1136012 kB
Active(file):     822688 kB
Inactive(file):   815180 kB
Unevictable:          48 kB
Mlocked:              48 kB
SwapTotal:      31249404 kB
SwapFree:       31242796 kB
Dirty:               284 kB
Writeback:             0 kB
AnonPages:       5707340 kB
Mapped:           487096 kB
Shmem:            339904 kB
Slab:             137496 kB
SReclaimable:      96184 kB
SUnreclaim:        41312 kB
KernelStack:       15536 kB
PageTables:        52232 kB
NFS_Unstable:          0 kB
Bounce:                0 kB
WritebackTmp:          0 kB
CommitLimit:    35296076 kB
Committed_AS:   12981228 kB
VmallocTotal:   34359738367 kB
VmallocUsed:           0 kB
VmallocChunk:          0 kB
HardwareCorrupted:     0 kB
AnonHugePages:   3272704 kB
CmaTotal:              0 kB
CmaFree:               0 kB
HugePages_Total:       0
HugePages_Free:        0
HugePages_Rsvd:        0
HugePages_Surp:        0
Hugepagesize:       2048 kB
DirectMap4k:      162620 kB
DirectMap2M:     4999168 kB
DirectMap1G:     4194304 kB


CPU:total 4 (initial active 4) (2 cores per cpu, 2 threads per core) family 6 model 61 stepping 4, cmov, cx8, fxsr, mmx, sse, sse2, sse3, ssse3, sse4.1, sse4.2, popcnt, avx, avx2, aes, clmul, erms, 3dnowpref, lzcnt, ht, tsc, tscinvbit, bmi1, bmi2, adx

/proc/cpuinfo:
processor	: 0
vendor_id	: GenuineIntel
cpu family	: 6
model		: 61
model name	: Intel(R) Core(TM) i7-5500U CPU @ 2.40GHz
stepping	: 4
microcode	: 0x25
cpu MHz		: 1768.500
cache size	: 4096 KB
physical id	: 0
siblings	: 4
core id		: 0
cpu cores	: 2
apicid		: 0
initial apicid	: 0
fpu		: yes
fpu_exception	: yes
cpuid level	: 20
wp		: yes
flags		: fpu vme de pse tsc msr pae mce cx8 apic sep mtrr pge mca cmov pat pse36 clflush dts acpi mmx fxsr sse sse2 ss ht tm pbe syscall nx pdpe1gb rdtscp lm constant_tsc arch_perfmon pebs bts rep_good nopl xtopology nonstop_tsc aperfmperf eagerfpu pni pclmulqdq dtes64 monitor ds_cpl vmx est tm2 ssse3 sdbg fma cx16 xtpr pdcm pcid sse4_1 sse4_2 x2apic movbe popcnt tsc_deadline_timer aes xsave avx f16c rdrand lahf_lm abm 3dnowprefetch epb invpcid_single intel_pt retpoline kaiser tpr_shadow vnmi flexpriority ept vpid fsgsbase tsc_adjust bmi1 avx2 smep bmi2 erms invpcid rdseed adx smap xsaveopt dtherm ida arat pln pts
bugs		: cpu_meltdown spectre_v1 spectre_v2
bogomips	: 4788.87
clflush size	: 64
cache_alignment	: 64
address sizes	: 39 bits physical, 48 bits virtual
power management:

processor	: 1
vendor_id	: GenuineIntel
cpu family	: 6
model		: 61
model name	: Intel(R) Core(TM) i7-5500U CPU @ 2.40GHz
stepping	: 4
microcode	: 0x25
cpu MHz		: 2653.218
cache size	: 4096 KB
physical id	: 0
siblings	: 4
core id		: 1
cpu cores	: 2
apicid		: 2
initial apicid	: 2
fpu		: yes
fpu_exception	: yes
cpuid level	: 20
wp		: yes
flags		: fpu vme de pse tsc msr pae mce cx8 apic sep mtrr pge mca cmov pat pse36 clflush dts acpi mmx fxsr sse sse2 ss ht tm pbe syscall nx pdpe1gb rdtscp lm constant_tsc arch_perfmon pebs bts rep_good nopl xtopology nonstop_tsc aperfmperf eagerfpu pni pclmulqdq dtes64 monitor ds_cpl vmx est tm2 ssse3 sdbg fma cx16 xtpr pdcm pcid sse4_1 sse4_2 x2apic movbe popcnt tsc_deadline_timer aes xsave avx f16c rdrand lahf_lm abm 3dnowprefetch epb invpcid_single intel_pt retpoline kaiser tpr_shadow vnmi flexpriority ept vpid fsgsbase tsc_adjust bmi1 avx2 smep bmi2 erms invpcid rdseed adx smap xsaveopt dtherm ida arat pln pts
bugs		: cpu_meltdown spectre_v1 spectre_v2
bogomips	: 4788.87
clflush size	: 64
cache_alignment	: 64
address sizes	: 39 bits physical, 48 bits virtual
power management:

processor	: 2
vendor_id	: GenuineIntel
cpu family	: 6
model		: 61
model name	: Intel(R) Core(TM) i7-5500U CPU @ 2.40GHz
stepping	: 4
microcode	: 0x25
cpu MHz		: 2373.375
cache size	: 4096 KB
physical id	: 0
siblings	: 4
core id		: 0
cpu cores	: 2
apicid		: 1
initial apicid	: 1
fpu		: yes
fpu_exception	: yes
cpuid level	: 20
wp		: yes
flags		: fpu vme de pse tsc msr pae mce cx8 apic sep mtrr pge mca cmov pat pse36 clflush dts acpi mmx fxsr sse sse2 ss ht tm pbe syscall nx pdpe1gb rdtscp lm constant_tsc arch_perfmon pebs bts rep_good nopl xtopology nonstop_tsc aperfmperf eagerfpu pni pclmulqdq dtes64 monitor ds_cpl vmx est tm2 ssse3 sdbg fma cx16 xtpr pdcm pcid sse4_1 sse4_2 x2apic movbe popcnt tsc_deadline_timer aes xsave avx f16c rdrand lahf_lm abm 3dnowprefetch epb invpcid_single intel_pt retpoline kaiser tpr_shadow vnmi flexpriority ept vpid fsgsbase tsc_adjust bmi1 avx2 smep bmi2 erms invpcid rdseed adx smap xsaveopt dtherm ida arat pln pts
bugs		: cpu_meltdown spectre_v1 spectre_v2
bogomips	: 4788.87
clflush size	: 64
cache_alignment	: 64
address sizes	: 39 bits physical, 48 bits virtual
power management:

processor	: 3
vendor_id	: GenuineIntel
cpu family	: 6
model		: 61
model name	: Intel(R) Core(TM) i7-5500U CPU @ 2.40GHz
stepping	: 4
microcode	: 0x25
cpu MHz		: 2401.875
cache size	: 4096 KB
physical id	: 0
siblings	: 4
core id		: 1
cpu cores	: 2
apicid		: 3
initial apicid	: 3
fpu		: yes
fpu_exception	: yes
cpuid level	: 20
wp		: yes
flags		: fpu vme de pse tsc msr pae mce cx8 apic sep mtrr pge mca cmov pat pse36 clflush dts acpi mmx fxsr sse sse2 ss ht tm pbe syscall nx pdpe1gb rdtscp lm constant_tsc arch_perfmon pebs bts rep_good nopl xtopology nonstop_tsc aperfmperf eagerfpu pni pclmulqdq dtes64 monitor ds_cpl vmx est tm2 ssse3 sdbg fma cx16 xtpr pdcm pcid sse4_1 sse4_2 x2apic movbe popcnt tsc_deadline_timer aes xsave avx f16c rdrand lahf_lm abm 3dnowprefetch epb invpcid_single intel_pt retpoline kaiser tpr_shadow vnmi flexpriority ept vpid fsgsbase tsc_adjust bmi1 avx2 smep bmi2 erms invpcid rdseed adx smap xsaveopt dtherm ida arat pln pts
bugs		: cpu_meltdown spectre_v1 spectre_v2
bogomips	: 4788.87
clflush size	: 64
cache_alignment	: 64
address sizes	: 39 bits physical, 48 bits virtual
power management:



Memory: 4k page, physical 8093344k(135300k free), swap 31249404k(31242796k free)

vm_info: OpenJDK 64-Bit Server VM (25.151-b12) for linux-amd64 JRE (1.8.0_151-8u151-b12-0ubuntu0.16.04.2-b12), built on Oct 27 2017 21:59:02 by "buildd" with gcc 5.4.0 20160609

time: Fri Apr  6 16:04:08 2018
elapsed time: 490 seconds (0d 0h 8m 10s)

